<?xml version="1.0" encoding="UTF-8"?>
<!-- Generated by org.testng.reporters.JUnitReportReporter -->
<testsuite skipped="0" hostname="DIGITAL-0099" name="org.run.DemoTestNG" tests="1" failures="0" timestamp="24 Jan 2023 06:28:59 GMT" time="1.239" errors="0">
  <testcase name="demo" time="1.239" classname="org.run.DemoTestNG"/>
</testsuite> <!-- org.run.DemoTestNG -->
