<?xml version="1.0" encoding="UTF-8"?>
<!-- Generated by org.testng.reporters.JUnitReportReporter -->
<testsuite skipped="0" hostname="DIGITAL-0099" name="org.sanity.run.Fuel_Finance" tests="1" failures="0" timestamp="14 Feb 2023 09:47:42 GMT" time="1.584" errors="0">
  <testcase name="fuel_Finance_Execution" time="1.584" classname="org.sanity.run.Fuel_Finance"/>
</testsuite> <!-- org.sanity.run.Fuel_Finance -->
