<?xml version="1.0" encoding="UTF-8"?>
<!-- Generated by org.testng.reporters.JUnitReportReporter -->
<testsuite skipped="0" hostname="DIGITAL-0099" name="org.sanity.run.RD_Installment_Pay" tests="1" failures="0" timestamp="14 Feb 2023 10:45:43 GMT" time="1.600" errors="0">
  <testcase name="pay_Loan_EMI_Execution" time="1.600" classname="org.sanity.run.RD_Installment_Pay"/>
</testsuite> <!-- org.sanity.run.RD_Installment_Pay -->
