<?xml version="1.0" encoding="UTF-8"?>
<!-- Generated by org.testng.reporters.JUnitReportReporter -->
<testsuite skipped="0" hostname="DIGITAL-0099" name="org.sanity.run.Two_Wheeler_Loan" tests="1" failures="0" timestamp="13 Feb 2023 13:24:19 GMT" time="1.332" errors="0">
  <testcase name="two_Wheeler_Loan_Execution" time="1.332" classname="org.sanity.run.Two_Wheeler_Loan"/>
</testsuite> <!-- org.sanity.run.Two_Wheeler_Loan -->
