<?xml version="1.0" encoding="UTF-8"?>
<!-- Generated by org.testng.reporters.JUnitReportReporter -->
<testsuite skipped="0" hostname="DIGITAL-0099" name="org.sanity.run.Tractor_And_Farm_Equipment_Finance" tests="1" failures="0" timestamp="14 Feb 2023 05:50:01 GMT" time="1.847" errors="0">
  <testcase name="tractor_And_Farm_Equipment_Finance_Execution" time="1.847" classname="org.sanity.run.Tractor_And_Farm_Equipment_Finance"/>
</testsuite> <!-- org.sanity.run.Tractor_And_Farm_Equipment_Finance -->
