<?xml version="1.0" encoding="UTF-8"?>
<!-- Generated by org.testng.reporters.JUnitReportReporter -->
<testsuite skipped="0" hostname="DIGITAL-0099" name="org.sanity.run.Tyre_Finance" tests="1" failures="0" timestamp="14 Feb 2023 06:23:39 GMT" time="1.544" errors="0">
  <testcase name="tyre_Finance_Execution" time="1.544" classname="org.sanity.run.Tyre_Finance"/>
</testsuite> <!-- org.sanity.run.Tyre_Finance -->
