<?xml version="1.0" encoding="UTF-8"?>
<!-- Generated by org.testng.reporters.JUnitReportReporter -->
<testsuite skipped="0" hostname="DIGITAL-0099" name="org.sanity.run.Vehicle_Insurance_Finance" tests="1" failures="0" timestamp="14 Feb 2023 06:13:43 GMT" time="1.295" errors="0">
  <testcase name="vehicle_Insurance_Finance_Execution" time="1.295" classname="org.sanity.run.Vehicle_Insurance_Finance"/>
</testsuite> <!-- org.sanity.run.Vehicle_Insurance_Finance -->
