<?xml version="1.0" encoding="UTF-8"?>
<!-- Generated by org.testng.reporters.JUnitReportReporter -->
<testsuite skipped="0" hostname="DIGITAL-0099" name="org.sanity.run.GoldLoan" tests="1" failures="0" timestamp="13 Feb 2023 13:30:51 GMT" time="1.774" errors="0">
  <testcase name="gold_Loan_Execution" time="1.774" classname="org.sanity.run.GoldLoan"/>
</testsuite> <!-- org.sanity.run.GoldLoan -->
