<?xml version="1.0" encoding="UTF-8"?>
<!-- Generated by org.testng.reporters.JUnitReportReporter -->
<testsuite skipped="0" hostname="DIGITAL-0099" name="org.sanity.run.personal_Loan" tests="1" failures="0" timestamp="13 Feb 2023 13:42:53 GMT" time="1.566" errors="0">
  <testcase name="personal_Loan_Execution" time="1.566" classname="org.sanity.run.personal_Loan"/>
</testsuite> <!-- org.sanity.run.personal_Loan -->
