<?xml version="1.0" encoding="UTF-8"?>
<!-- Generated by org.testng.reporters.JUnitReportReporter -->
<testsuite skipped="0" hostname="DIGITAL-0099" name="org.sanity.run.Commercial_Goods_Vehicle_Finance" tests="1" failures="0" timestamp="13 Feb 2023 14:36:11 GMT" time="1.656" errors="0">
  <testcase name="commercial_goods_Vehicle_Finance_Execution" time="1.656" classname="org.sanity.run.Commercial_Goods_Vehicle_Finance"/>
</testsuite> <!-- org.sanity.run.Commercial_Goods_Vehicle_Finance -->
