<?xml version="1.0" encoding="UTF-8"?>
<!-- Generated by org.testng.reporters.JUnitReportReporter -->
<testsuite skipped="0" hostname="DIGITAL-0099" name="org.sanity.run.Sanity_Run" tests="1" failures="0" timestamp="13 Feb 2023 13:48:15 GMT" time="1.487" errors="0">
  <testcase name="sanity_Run" time="1.487" classname="org.sanity.run.Sanity_Run"/>
</testsuite> <!-- org.sanity.run.Sanity_Run -->
