<?xml version="1.0" encoding="UTF-8"?>
<!-- Generated by org.testng.reporters.JUnitReportReporter -->
<testsuite skipped="0" hostname="DIGITAL-0099" name="org.sanity.run.Repair_Topup_Loan" tests="1" failures="0" timestamp="14 Feb 2023 09:43:15 GMT" time="1.284" errors="0">
  <testcase name="repair_Topup_Loan_Execution" time="1.284" classname="org.sanity.run.Repair_Topup_Loan"/>
</testsuite> <!-- org.sanity.run.Repair_Topup_Loan -->
