<?xml version="1.0" encoding="UTF-8"?>
<!-- Generated by org.testng.reporters.JUnitReportReporter -->
<testsuite skipped="0" hostname="DIGITAL-0099" name="org.sanity.run.Working_Capital_Loans" tests="1" failures="0" timestamp="14 Feb 2023 06:07:44 GMT" time="1.729" errors="0">
  <testcase name="working_Capital_Loans_Execution" time="1.729" classname="org.sanity.run.Working_Capital_Loans"/>
</testsuite> <!-- org.sanity.run.Working_Capital_Loans -->
