<?xml version="1.0" encoding="UTF-8"?>
<!-- Generated by org.testng.reporters.JUnitReportReporter -->
<testsuite skipped="0" hostname="DIGITAL-0099" name="org.sanity.run.Construction_Equipment_Finance" tests="1" failures="0" timestamp="14 Feb 2023 05:56:01 GMT" time="1.590" errors="0">
  <testcase name="construction_Equipment_Finance_Execution" time="1.590" classname="org.sanity.run.Construction_Equipment_Finance"/>
</testsuite> <!-- org.sanity.run.Construction_Equipment_Finance -->
