<?xml version="1.0" encoding="UTF-8"?>
<!-- Generated by org.testng.reporters.JUnitReportReporter -->
<testsuite skipped="0" hostname="DIGITAL-0099" name="org.sanity.run.Challan_Discounting" tests="1" failures="0" timestamp="14 Feb 2023 09:52:28 GMT" time="1.580" errors="0">
  <testcase name="challan_Discounting_Execution" time="1.580" classname="org.sanity.run.Challan_Discounting"/>
</testsuite> <!-- org.sanity.run.Challan_Discounting -->
