<?xml version="1.0" encoding="UTF-8"?>
<!-- Generated by org.testng.reporters.JUnitReportReporter -->
<testsuite skipped="0" hostname="DIGITAL-0099" name="org.sanity.run.Passenger_Commercial_Vehicle_Finance" tests="1" failures="0" timestamp="14 Feb 2023 05:43:53 GMT" time="1.700" errors="0">
  <testcase name="commercial_goods_Vehicle_Finance_Execution" time="1.700" classname="org.sanity.run.Passenger_Commercial_Vehicle_Finance"/>
</testsuite> <!-- org.sanity.run.Passenger_Commercial_Vehicle_Finance -->
