<?xml version="1.0" encoding="UTF-8"?>
<!-- Generated by org.testng.reporters.JUnitReportReporter -->
<testsuite skipped="0" hostname="DIGITAL-0099" name="org.sanity.run.Collateral_Free_Business_Loan" tests="1" failures="0" timestamp="14 Feb 2023 10:26:30 GMT" time="1.291" errors="0">
  <testcase name="collateral_Free_Business_Loan_Execution" time="1.291" classname="org.sanity.run.Collateral_Free_Business_Loan"/>
</testsuite> <!-- org.sanity.run.Collateral_Free_Business_Loan -->
