<?xml version="1.0" encoding="UTF-8"?>
<!-- Generated by org.testng.reporters.JUnitReportReporter -->
<testsuite skipped="0" hostname="DIGITAL-0099" name="org.sanity.run.Tax_Finance" tests="1" failures="0" timestamp="14 Feb 2023 06:27:19 GMT" time="1.366" errors="0">
  <testcase name="tax_Finance_Execution" time="1.366" classname="org.sanity.run.Tax_Finance"/>
</testsuite> <!-- org.sanity.run.Tax_Finance -->
