<?xml version="1.0" encoding="UTF-8"?>
<!-- Generated by org.testng.reporters.JUnitReportReporter -->
<testsuite skipped="0" hostname="DIGITAL-0099" name="org.sanity.run.Pay_Loan_EMI" tests="1" failures="0" timestamp="14 Feb 2023 10:36:24 GMT" time="3.160" errors="0">
  <testcase name="pay_Loan_EMI_Execution" time="3.160" classname="org.sanity.run.Pay_Loan_EMI"/>
</testsuite> <!-- org.sanity.run.Pay_Loan_EMI -->
