<?xml version="1.0" encoding="UTF-8"?>
<!-- Generated by org.testng.reporters.JUnitReportReporter -->
<testsuite skipped="0" hostname="DIGITAL-0099" name="org.sanity.run.Toll_Finance" tests="1" failures="0" timestamp="14 Feb 2023 06:31:06 GMT" time="4.872" errors="0">
  <testcase name="toll_Finance_Execution" time="4.872" classname="org.sanity.run.Toll_Finance"/>
</testsuite> <!-- org.sanity.run.Toll_Finance -->
