<?xml version="1.0" encoding="UTF-8"?>
<!-- Generated by org.testng.reporters.JUnitReportReporter -->
<testsuite skipped="0" hostname="DIGITAL-0099" name="org.sanity.run.Business_Loan" tests="1" failures="0" timestamp="14 Feb 2023 10:37:21 GMT" time="1.221" errors="0">
  <testcase name="business_Loan_Execution" time="1.221" classname="org.sanity.run.Business_Loan"/>
</testsuite> <!-- org.sanity.run.Business_Loan -->
