<?xml version="1.0" encoding="UTF-8"?>
<!-- Generated by org.testng.reporters.JUnitReportReporter -->
<testsuite skipped="0" hostname="DIGITAL-0099" name="org.sanity.run.Commercial_Vehicle_Loan" tests="1" failures="0" timestamp="13 Feb 2023 14:09:06 GMT" time="1.417" errors="0">
  <testcase name="commercial_Vehicle_Loan_Execution" time="1.417" classname="org.sanity.run.Commercial_Vehicle_Loan"/>
</testsuite> <!-- org.sanity.run.Commercial_Vehicle_Loan -->
