<?xml version="1.0" encoding="UTF-8"?>
<!-- Generated by org.testng.reporters.JUnitReportReporter -->
<testsuite skipped="0" hostname="DIGITAL-0099" name="org.run.CopyCat" tests="1" failures="0" timestamp="13 Oct 2022 14:03:41 GMT" time="12.368" errors="0">
  <testcase name="demomethod" time="12.368" classname="org.run.CopyCat"/>
</testsuite> <!-- org.run.CopyCat -->
