<?xml version="1.0" encoding="UTF-8"?>
<!-- Generated by org.testng.reporters.JUnitReportReporter -->
<testsuite skipped="0" hostname="DIGITAL-0099" name="org.run.Anchor_tag" tests="1" failures="0" timestamp="13 Oct 2022 07:51:02 GMT" time="20.308" errors="0">
  <testcase name="execute" time="20.308" classname="org.run.Anchor_tag"/>
</testsuite> <!-- org.run.Anchor_tag -->
