<?xml version="1.0" encoding="UTF-8"?>
<!-- Generated by org.testng.reporters.JUnitReportReporter -->
<testsuite skipped="0" hostname="DIGITAL-0099" name="org.run.New_BrokenLink" tests="239" failures="0" timestamp="10 Oct 2022 07:12:04 GMT" time="2648.831" errors="0">
  <testcase name="execute" time="9.656" classname="org.run.New_BrokenLink"/>
  <testcase name="execute" time="9.813" classname="org.run.New_BrokenLink"/>
  <testcase name="execute" time="9.985" classname="org.run.New_BrokenLink"/>
  <testcase name="execute" time="10.114" classname="org.run.New_BrokenLink"/>
  <testcase name="execute" time="10.203" classname="org.run.New_BrokenLink"/>
  <testcase name="execute" time="9.813" classname="org.run.New_BrokenLink"/>
  <testcase name="execute" time="9.828" classname="org.run.New_BrokenLink"/>
  <testcase name="execute" time="14.313" classname="org.run.New_BrokenLink"/>
  <testcase name="execute" time="9.657" classname="org.run.New_BrokenLink"/>
  <testcase name="execute" time="10.031" classname="org.run.New_BrokenLink"/>
  <testcase name="execute" time="32.755" classname="org.run.New_BrokenLink"/>
  <testcase name="execute" time="10.172" classname="org.run.New_BrokenLink"/>
  <testcase name="execute" time="9.876" classname="org.run.New_BrokenLink"/>
  <testcase name="execute" time="10.125" classname="org.run.New_BrokenLink"/>
  <testcase name="execute" time="11.344" classname="org.run.New_BrokenLink"/>
  <testcase name="execute" time="10.031" classname="org.run.New_BrokenLink"/>
  <testcase name="execute" time="9.797" classname="org.run.New_BrokenLink"/>
  <testcase name="execute" time="10.437" classname="org.run.New_BrokenLink"/>
  <testcase name="execute" time="10.815" classname="org.run.New_BrokenLink"/>
  <testcase name="execute" time="30.563" classname="org.run.New_BrokenLink"/>
  <testcase name="execute" time="11.641" classname="org.run.New_BrokenLink"/>
  <testcase name="execute" time="11.218" classname="org.run.New_BrokenLink"/>
  <testcase name="execute" time="10.672" classname="org.run.New_BrokenLink"/>
  <testcase name="execute" time="10.438" classname="org.run.New_BrokenLink"/>
  <testcase name="execute" time="10.766" classname="org.run.New_BrokenLink"/>
  <testcase name="execute" time="10.516" classname="org.run.New_BrokenLink"/>
  <testcase name="execute" time="10.094" classname="org.run.New_BrokenLink"/>
  <testcase name="execute" time="10.907" classname="org.run.New_BrokenLink"/>
  <testcase name="execute" time="10.375" classname="org.run.New_BrokenLink"/>
  <testcase name="execute" time="10.045" classname="org.run.New_BrokenLink"/>
  <testcase name="execute" time="10.219" classname="org.run.New_BrokenLink"/>
  <testcase name="execute" time="9.625" classname="org.run.New_BrokenLink"/>
  <testcase name="execute" time="14.735" classname="org.run.New_BrokenLink"/>
  <testcase name="execute" time="9.797" classname="org.run.New_BrokenLink"/>
  <testcase name="execute" time="10.453" classname="org.run.New_BrokenLink"/>
  <testcase name="execute" time="10.329" classname="org.run.New_BrokenLink"/>
  <testcase name="execute" time="9.593" classname="org.run.New_BrokenLink"/>
  <testcase name="execute" time="13.391" classname="org.run.New_BrokenLink"/>
  <testcase name="execute" time="9.375" classname="org.run.New_BrokenLink"/>
  <testcase name="execute" time="10.094" classname="org.run.New_BrokenLink"/>
  <testcase name="execute" time="10.016" classname="org.run.New_BrokenLink"/>
  <testcase name="execute" time="11.000" classname="org.run.New_BrokenLink"/>
  <testcase name="execute" time="9.547" classname="org.run.New_BrokenLink"/>
  <testcase name="execute" time="11.860" classname="org.run.New_BrokenLink"/>
  <testcase name="execute" time="11.639" classname="org.run.New_BrokenLink"/>
  <testcase name="execute" time="11.344" classname="org.run.New_BrokenLink"/>
  <testcase name="execute" time="9.969" classname="org.run.New_BrokenLink"/>
  <testcase name="execute" time="9.641" classname="org.run.New_BrokenLink"/>
  <testcase name="execute" time="10.450" classname="org.run.New_BrokenLink"/>
  <testcase name="execute" time="10.640" classname="org.run.New_BrokenLink"/>
  <testcase name="execute" time="10.562" classname="org.run.New_BrokenLink"/>
  <testcase name="execute" time="11.016" classname="org.run.New_BrokenLink"/>
  <testcase name="execute" time="10.500" classname="org.run.New_BrokenLink"/>
  <testcase name="execute" time="9.719" classname="org.run.New_BrokenLink"/>
  <testcase name="execute" time="9.969" classname="org.run.New_BrokenLink"/>
  <testcase name="execute" time="10.563" classname="org.run.New_BrokenLink"/>
  <testcase name="execute" time="10.766" classname="org.run.New_BrokenLink"/>
  <testcase name="execute" time="10.079" classname="org.run.New_BrokenLink"/>
  <testcase name="execute" time="9.985" classname="org.run.New_BrokenLink"/>
  <testcase name="execute" time="9.719" classname="org.run.New_BrokenLink"/>
  <testcase name="execute" time="13.684" classname="org.run.New_BrokenLink"/>
  <testcase name="execute" time="10.391" classname="org.run.New_BrokenLink"/>
  <testcase name="execute" time="9.937" classname="org.run.New_BrokenLink"/>
  <testcase name="execute" time="30.503" classname="org.run.New_BrokenLink"/>
  <testcase name="execute" time="10.500" classname="org.run.New_BrokenLink"/>
  <testcase name="execute" time="12.969" classname="org.run.New_BrokenLink"/>
  <testcase name="execute" time="9.563" classname="org.run.New_BrokenLink"/>
  <testcase name="execute" time="11.188" classname="org.run.New_BrokenLink"/>
  <testcase name="execute" time="10.047" classname="org.run.New_BrokenLink"/>
  <testcase name="execute" time="10.125" classname="org.run.New_BrokenLink"/>
  <testcase name="execute" time="10.125" classname="org.run.New_BrokenLink"/>
  <testcase name="execute" time="11.094" classname="org.run.New_BrokenLink"/>
  <testcase name="execute" time="13.090" classname="org.run.New_BrokenLink"/>
  <testcase name="execute" time="10.017" classname="org.run.New_BrokenLink"/>
  <testcase name="execute" time="10.308" classname="org.run.New_BrokenLink"/>
  <testcase name="execute" time="9.688" classname="org.run.New_BrokenLink"/>
  <testcase name="execute" time="10.752" classname="org.run.New_BrokenLink"/>
  <testcase name="execute" time="10.844" classname="org.run.New_BrokenLink"/>
  <testcase name="execute" time="10.938" classname="org.run.New_BrokenLink"/>
  <testcase name="execute" time="10.516" classname="org.run.New_BrokenLink"/>
  <testcase name="execute" time="9.562" classname="org.run.New_BrokenLink"/>
  <testcase name="execute" time="10.562" classname="org.run.New_BrokenLink"/>
  <testcase name="execute" time="10.594" classname="org.run.New_BrokenLink"/>
  <testcase name="execute" time="9.579" classname="org.run.New_BrokenLink"/>
  <testcase name="execute" time="10.313" classname="org.run.New_BrokenLink"/>
  <testcase name="execute" time="9.594" classname="org.run.New_BrokenLink"/>
  <testcase name="execute" time="10.282" classname="org.run.New_BrokenLink"/>
  <testcase name="execute" time="9.956" classname="org.run.New_BrokenLink"/>
  <testcase name="execute" time="9.515" classname="org.run.New_BrokenLink"/>
  <testcase name="execute" time="9.735" classname="org.run.New_BrokenLink"/>
  <testcase name="execute" time="10.125" classname="org.run.New_BrokenLink"/>
  <testcase name="execute" time="10.298" classname="org.run.New_BrokenLink"/>
  <testcase name="execute" time="10.828" classname="org.run.New_BrokenLink"/>
  <testcase name="execute" time="10.829" classname="org.run.New_BrokenLink"/>
  <testcase name="execute" time="10.172" classname="org.run.New_BrokenLink"/>
  <testcase name="execute" time="11.329" classname="org.run.New_BrokenLink"/>
  <testcase name="execute" time="10.141" classname="org.run.New_BrokenLink"/>
  <testcase name="execute" time="10.922" classname="org.run.New_BrokenLink"/>
  <testcase name="execute" time="9.844" classname="org.run.New_BrokenLink"/>
  <testcase name="execute" time="11.406" classname="org.run.New_BrokenLink"/>
  <testcase name="execute" time="9.812" classname="org.run.New_BrokenLink"/>
  <testcase name="execute" time="9.999" classname="org.run.New_BrokenLink"/>
  <testcase name="execute" time="12.172" classname="org.run.New_BrokenLink"/>
  <testcase name="execute" time="10.157" classname="org.run.New_BrokenLink"/>
  <testcase name="execute" time="10.016" classname="org.run.New_BrokenLink"/>
  <testcase name="execute" time="10.873" classname="org.run.New_BrokenLink"/>
  <testcase name="execute" time="9.468" classname="org.run.New_BrokenLink"/>
  <testcase name="execute" time="9.953" classname="org.run.New_BrokenLink"/>
  <testcase name="execute" time="11.437" classname="org.run.New_BrokenLink"/>
  <testcase name="execute" time="10.235" classname="org.run.New_BrokenLink"/>
  <testcase name="execute" time="30.532" classname="org.run.New_BrokenLink"/>
  <testcase name="execute" time="9.547" classname="org.run.New_BrokenLink"/>
  <testcase name="execute" time="10.875" classname="org.run.New_BrokenLink"/>
  <testcase name="execute" time="9.750" classname="org.run.New_BrokenLink"/>
  <testcase name="execute" time="12.484" classname="org.run.New_BrokenLink"/>
  <testcase name="execute" time="10.594" classname="org.run.New_BrokenLink"/>
  <testcase name="execute" time="10.375" classname="org.run.New_BrokenLink"/>
  <testcase name="execute" time="10.640" classname="org.run.New_BrokenLink"/>
  <testcase name="execute" time="12.266" classname="org.run.New_BrokenLink"/>
  <testcase name="execute" time="13.499" classname="org.run.New_BrokenLink"/>
  <testcase name="execute" time="9.875" classname="org.run.New_BrokenLink"/>
  <testcase name="execute" time="9.859" classname="org.run.New_BrokenLink"/>
  <testcase name="execute" time="9.813" classname="org.run.New_BrokenLink"/>
  <testcase name="execute" time="11.734" classname="org.run.New_BrokenLink"/>
  <testcase name="execute" time="10.609" classname="org.run.New_BrokenLink"/>
  <testcase name="execute" time="10.579" classname="org.run.New_BrokenLink"/>
  <testcase name="execute" time="11.094" classname="org.run.New_BrokenLink"/>
  <testcase name="execute" time="9.829" classname="org.run.New_BrokenLink"/>
  <testcase name="execute" time="10.219" classname="org.run.New_BrokenLink"/>
  <testcase name="execute" time="11.187" classname="org.run.New_BrokenLink"/>
  <testcase name="execute" time="10.126" classname="org.run.New_BrokenLink"/>
  <testcase name="execute" time="9.623" classname="org.run.New_BrokenLink"/>
  <testcase name="execute" time="9.735" classname="org.run.New_BrokenLink"/>
  <testcase name="execute" time="9.771" classname="org.run.New_BrokenLink"/>
  <testcase name="execute" time="10.110" classname="org.run.New_BrokenLink"/>
  <testcase name="execute" time="12.625" classname="org.run.New_BrokenLink"/>
  <testcase name="execute" time="9.625" classname="org.run.New_BrokenLink"/>
  <testcase name="execute" time="10.563" classname="org.run.New_BrokenLink"/>
  <testcase name="execute" time="10.360" classname="org.run.New_BrokenLink"/>
  <testcase name="execute" time="9.984" classname="org.run.New_BrokenLink"/>
  <testcase name="execute" time="9.579" classname="org.run.New_BrokenLink"/>
  <testcase name="execute" time="12.343" classname="org.run.New_BrokenLink"/>
  <testcase name="execute" time="10.125" classname="org.run.New_BrokenLink"/>
  <testcase name="execute" time="12.547" classname="org.run.New_BrokenLink"/>
  <testcase name="execute" time="12.204" classname="org.run.New_BrokenLink"/>
  <testcase name="execute" time="9.703" classname="org.run.New_BrokenLink"/>
  <testcase name="execute" time="10.187" classname="org.run.New_BrokenLink"/>
  <testcase name="execute" time="10.610" classname="org.run.New_BrokenLink"/>
  <testcase name="execute" time="10.642" classname="org.run.New_BrokenLink"/>
  <testcase name="execute" time="9.937" classname="org.run.New_BrokenLink"/>
  <testcase name="execute" time="9.656" classname="org.run.New_BrokenLink"/>
  <testcase name="execute" time="9.907" classname="org.run.New_BrokenLink"/>
  <testcase name="execute" time="9.813" classname="org.run.New_BrokenLink"/>
  <testcase name="execute" time="10.321" classname="org.run.New_BrokenLink"/>
  <testcase name="execute" time="11.329" classname="org.run.New_BrokenLink"/>
  <testcase name="execute" time="12.766" classname="org.run.New_BrokenLink"/>
  <testcase name="execute" time="10.031" classname="org.run.New_BrokenLink"/>
  <testcase name="execute" time="9.344" classname="org.run.New_BrokenLink"/>
  <testcase name="execute" time="10.265" classname="org.run.New_BrokenLink"/>
  <testcase name="execute" time="10.688" classname="org.run.New_BrokenLink"/>
  <testcase name="execute" time="10.657" classname="org.run.New_BrokenLink"/>
  <testcase name="execute" time="10.277" classname="org.run.New_BrokenLink"/>
  <testcase name="execute" time="11.000" classname="org.run.New_BrokenLink"/>
  <testcase name="execute" time="9.625" classname="org.run.New_BrokenLink"/>
  <testcase name="execute" time="9.719" classname="org.run.New_BrokenLink"/>
  <testcase name="execute" time="13.234" classname="org.run.New_BrokenLink"/>
  <testcase name="execute" time="10.454" classname="org.run.New_BrokenLink"/>
  <testcase name="execute" time="10.110" classname="org.run.New_BrokenLink"/>
  <testcase name="execute" time="18.312" classname="org.run.New_BrokenLink"/>
  <testcase name="execute" time="10.360" classname="org.run.New_BrokenLink"/>
  <testcase name="execute" time="9.687" classname="org.run.New_BrokenLink"/>
  <testcase name="execute" time="17.860" classname="org.run.New_BrokenLink"/>
  <testcase name="execute" time="9.875" classname="org.run.New_BrokenLink"/>
  <testcase name="execute" time="10.032" classname="org.run.New_BrokenLink"/>
  <testcase name="execute" time="30.609" classname="org.run.New_BrokenLink"/>
  <testcase name="execute" time="9.983" classname="org.run.New_BrokenLink"/>
  <testcase name="execute" time="14.020" classname="org.run.New_BrokenLink"/>
  <testcase name="execute" time="10.390" classname="org.run.New_BrokenLink"/>
  <testcase name="execute" time="12.453" classname="org.run.New_BrokenLink"/>
  <testcase name="execute" time="10.750" classname="org.run.New_BrokenLink"/>
  <testcase name="execute" time="10.703" classname="org.run.New_BrokenLink"/>
  <testcase name="execute" time="9.548" classname="org.run.New_BrokenLink"/>
  <testcase name="execute" time="9.844" classname="org.run.New_BrokenLink"/>
  <testcase name="execute" time="9.828" classname="org.run.New_BrokenLink"/>
  <testcase name="execute" time="10.468" classname="org.run.New_BrokenLink"/>
  <testcase name="execute" time="11.250" classname="org.run.New_BrokenLink"/>
  <testcase name="execute" time="9.843" classname="org.run.New_BrokenLink"/>
  <testcase name="execute" time="9.876" classname="org.run.New_BrokenLink"/>
  <testcase name="execute" time="14.266" classname="org.run.New_BrokenLink"/>
  <testcase name="execute" time="9.360" classname="org.run.New_BrokenLink"/>
  <testcase name="execute" time="11.157" classname="org.run.New_BrokenLink"/>
  <testcase name="execute" time="11.688" classname="org.run.New_BrokenLink"/>
  <testcase name="execute" time="9.781" classname="org.run.New_BrokenLink"/>
  <testcase name="execute" time="10.579" classname="org.run.New_BrokenLink"/>
  <testcase name="execute" time="10.172" classname="org.run.New_BrokenLink"/>
  <testcase name="execute" time="10.063" classname="org.run.New_BrokenLink"/>
  <testcase name="execute" time="10.406" classname="org.run.New_BrokenLink"/>
  <testcase name="execute" time="10.156" classname="org.run.New_BrokenLink"/>
  <testcase name="execute" time="10.844" classname="org.run.New_BrokenLink"/>
  <testcase name="execute" time="9.516" classname="org.run.New_BrokenLink"/>
  <testcase name="execute" time="10.359" classname="org.run.New_BrokenLink"/>
  <testcase name="execute" time="10.063" classname="org.run.New_BrokenLink"/>
  <testcase name="execute" time="9.703" classname="org.run.New_BrokenLink"/>
  <testcase name="execute" time="9.813" classname="org.run.New_BrokenLink"/>
  <testcase name="execute" time="9.985" classname="org.run.New_BrokenLink"/>
  <testcase name="execute" time="10.172" classname="org.run.New_BrokenLink"/>
  <testcase name="execute" time="10.313" classname="org.run.New_BrokenLink"/>
  <testcase name="execute" time="21.297" classname="org.run.New_BrokenLink"/>
  <testcase name="execute" time="10.688" classname="org.run.New_BrokenLink"/>
  <testcase name="execute" time="9.828" classname="org.run.New_BrokenLink"/>
  <testcase name="execute" time="9.750" classname="org.run.New_BrokenLink"/>
  <testcase name="execute" time="9.656" classname="org.run.New_BrokenLink"/>
  <testcase name="execute" time="10.000" classname="org.run.New_BrokenLink"/>
  <testcase name="execute" time="9.407" classname="org.run.New_BrokenLink"/>
  <testcase name="execute" time="9.875" classname="org.run.New_BrokenLink"/>
  <testcase name="execute" time="10.297" classname="org.run.New_BrokenLink"/>
  <testcase name="execute" time="9.672" classname="org.run.New_BrokenLink"/>
  <testcase name="execute" time="10.360" classname="org.run.New_BrokenLink"/>
  <testcase name="execute" time="10.328" classname="org.run.New_BrokenLink"/>
  <testcase name="execute" time="9.345" classname="org.run.New_BrokenLink"/>
  <testcase name="execute" time="25.547" classname="org.run.New_BrokenLink"/>
  <testcase name="execute" time="10.829" classname="org.run.New_BrokenLink"/>
  <testcase name="execute" time="10.172" classname="org.run.New_BrokenLink"/>
  <testcase name="execute" time="10.047" classname="org.run.New_BrokenLink"/>
  <testcase name="execute" time="9.984" classname="org.run.New_BrokenLink"/>
  <testcase name="execute" time="10.391" classname="org.run.New_BrokenLink"/>
  <testcase name="execute" time="10.328" classname="org.run.New_BrokenLink"/>
  <testcase name="execute" time="11.641" classname="org.run.New_BrokenLink"/>
  <testcase name="execute" time="10.328" classname="org.run.New_BrokenLink"/>
  <testcase name="execute" time="9.969" classname="org.run.New_BrokenLink"/>
  <testcase name="execute" time="10.250" classname="org.run.New_BrokenLink"/>
  <testcase name="execute" time="9.763" classname="org.run.New_BrokenLink"/>
  <testcase name="execute" time="9.500" classname="org.run.New_BrokenLink"/>
  <testcase name="execute" time="10.532" classname="org.run.New_BrokenLink"/>
  <testcase name="execute" time="10.094" classname="org.run.New_BrokenLink"/>
  <testcase name="execute" time="11.641" classname="org.run.New_BrokenLink"/>
  <testcase name="execute" time="9.969" classname="org.run.New_BrokenLink"/>
  <testcase name="execute" time="9.375" classname="org.run.New_BrokenLink"/>
  <testcase name="execute" time="10.344" classname="org.run.New_BrokenLink"/>
</testsuite> <!-- org.run.New_BrokenLink -->
