<?xml version="1.0" encoding="UTF-8"?>
<!-- Generated by org.testng.reporters.JUnitReportReporter -->
<testsuite skipped="0" hostname="DIGITAL-0099" name="org.run.Example" tests="216" failures="0" timestamp="13 Oct 2022 11:21:41 GMT" time="3564.687" errors="0">
  <testcase name="verifyLink" time="32.282" classname="org.run.Example"/>
  <testcase name="verifyLink" time="10.438" classname="org.run.Example"/>
  <testcase name="verifyLink" time="12.016" classname="org.run.Example"/>
  <testcase name="verifyLink" time="13.125" classname="org.run.Example"/>
  <testcase name="verifyLink" time="12.672" classname="org.run.Example"/>
  <testcase name="verifyLink" time="10.891" classname="org.run.Example"/>
  <testcase name="verifyLink" time="11.344" classname="org.run.Example"/>
  <testcase name="verifyLink" time="12.109" classname="org.run.Example"/>
  <testcase name="verifyLink" time="10.578" classname="org.run.Example"/>
  <testcase name="verifyLink" time="10.594" classname="org.run.Example"/>
  <testcase name="verifyLink" time="11.391" classname="org.run.Example"/>
  <testcase name="verifyLink" time="11.625" classname="org.run.Example"/>
  <testcase name="verifyLink" time="10.922" classname="org.run.Example"/>
  <testcase name="verifyLink" time="10.876" classname="org.run.Example"/>
  <testcase name="verifyLink" time="11.328" classname="org.run.Example"/>
  <testcase name="verifyLink" time="12.719" classname="org.run.Example"/>
  <testcase name="verifyLink" time="11.625" classname="org.run.Example"/>
  <testcase name="verifyLink" time="132.689" classname="org.run.Example"/>
  <testcase name="verifyLink" time="11.719" classname="org.run.Example"/>
  <testcase name="verifyLink" time="132.894" classname="org.run.Example"/>
  <testcase name="verifyLink" time="10.781" classname="org.run.Example"/>
  <testcase name="verifyLink" time="10.297" classname="org.run.Example"/>
  <testcase name="verifyLink" time="10.985" classname="org.run.Example"/>
  <testcase name="verifyLink" time="10.484" classname="org.run.Example"/>
  <testcase name="verifyLink" time="10.844" classname="org.run.Example"/>
  <testcase name="verifyLink" time="11.421" classname="org.run.Example"/>
  <testcase name="verifyLink" time="11.218" classname="org.run.Example"/>
  <testcase name="verifyLink" time="11.485" classname="org.run.Example"/>
  <testcase name="verifyLink" time="11.344" classname="org.run.Example"/>
  <testcase name="verifyLink" time="11.516" classname="org.run.Example"/>
  <testcase name="verifyLink" time="12.125" classname="org.run.Example"/>
  <testcase name="verifyLink" time="11.390" classname="org.run.Example"/>
  <testcase name="verifyLink" time="11.172" classname="org.run.Example"/>
  <testcase name="verifyLink" time="13.688" classname="org.run.Example"/>
  <testcase name="verifyLink" time="11.001" classname="org.run.Example"/>
  <testcase name="verifyLink" time="10.781" classname="org.run.Example"/>
  <testcase name="verifyLink" time="11.219" classname="org.run.Example"/>
  <testcase name="verifyLink" time="11.250" classname="org.run.Example"/>
  <testcase name="verifyLink" time="11.313" classname="org.run.Example"/>
  <testcase name="verifyLink" time="10.719" classname="org.run.Example"/>
  <testcase name="verifyLink" time="11.514" classname="org.run.Example"/>
  <testcase name="verifyLink" time="12.922" classname="org.run.Example"/>
  <testcase name="verifyLink" time="12.672" classname="org.run.Example"/>
  <testcase name="verifyLink" time="11.606" classname="org.run.Example"/>
  <testcase name="verifyLink" time="12.782" classname="org.run.Example"/>
  <testcase name="verifyLink" time="11.578" classname="org.run.Example"/>
  <testcase name="verifyLink" time="11.250" classname="org.run.Example"/>
  <testcase name="verifyLink" time="10.812" classname="org.run.Example"/>
  <testcase name="verifyLink" time="11.625" classname="org.run.Example"/>
  <testcase name="verifyLink" time="11.859" classname="org.run.Example"/>
  <testcase name="verifyLink" time="12.453" classname="org.run.Example"/>
  <testcase name="verifyLink" time="11.234" classname="org.run.Example"/>
  <testcase name="verifyLink" time="10.751" classname="org.run.Example"/>
  <testcase name="verifyLink" time="10.656" classname="org.run.Example"/>
  <testcase name="verifyLink" time="10.892" classname="org.run.Example"/>
  <testcase name="verifyLink" time="12.172" classname="org.run.Example"/>
  <testcase name="verifyLink" time="10.188" classname="org.run.Example"/>
  <testcase name="verifyLink" time="31.516" classname="org.run.Example"/>
  <testcase name="verifyLink" time="19.141" classname="org.run.Example"/>
  <testcase name="verifyLink" time="31.094" classname="org.run.Example"/>
  <testcase name="verifyLink" time="31.188" classname="org.run.Example"/>
  <testcase name="verifyLink" time="10.391" classname="org.run.Example"/>
  <testcase name="verifyLink" time="11.406" classname="org.run.Example"/>
  <testcase name="verifyLink" time="11.407" classname="org.run.Example"/>
  <testcase name="verifyLink" time="11.516" classname="org.run.Example"/>
  <testcase name="verifyLink" time="128.676" classname="org.run.Example"/>
  <testcase name="verifyLink" time="11.938" classname="org.run.Example"/>
  <testcase name="verifyLink" time="11.000" classname="org.run.Example"/>
  <testcase name="verifyLink" time="13.153" classname="org.run.Example"/>
  <testcase name="verifyLink" time="10.954" classname="org.run.Example"/>
  <testcase name="verifyLink" time="11.562" classname="org.run.Example"/>
  <testcase name="verifyLink" time="12.172" classname="org.run.Example"/>
  <testcase name="verifyLink" time="127.861" classname="org.run.Example"/>
  <testcase name="verifyLink" time="10.953" classname="org.run.Example"/>
  <testcase name="verifyLink" time="11.703" classname="org.run.Example"/>
  <testcase name="verifyLink" time="10.093" classname="org.run.Example"/>
  <testcase name="verifyLink" time="11.515" classname="org.run.Example"/>
  <testcase name="verifyLink" time="11.469" classname="org.run.Example"/>
  <testcase name="verifyLink" time="12.720" classname="org.run.Example"/>
  <testcase name="verifyLink" time="11.437" classname="org.run.Example"/>
  <testcase name="verifyLink" time="11.780" classname="org.run.Example"/>
  <testcase name="verifyLink" time="11.626" classname="org.run.Example"/>
  <testcase name="verifyLink" time="12.375" classname="org.run.Example"/>
  <testcase name="verifyLink" time="30.969" classname="org.run.Example"/>
  <testcase name="verifyLink" time="11.468" classname="org.run.Example"/>
  <testcase name="verifyLink" time="10.625" classname="org.run.Example"/>
  <testcase name="verifyLink" time="10.125" classname="org.run.Example"/>
  <testcase name="verifyLink" time="11.250" classname="org.run.Example"/>
  <testcase name="verifyLink" time="11.360" classname="org.run.Example"/>
  <testcase name="verifyLink" time="15.328" classname="org.run.Example"/>
  <testcase name="verifyLink" time="11.840" classname="org.run.Example"/>
  <testcase name="verifyLink" time="11.126" classname="org.run.Example"/>
  <testcase name="verifyLink" time="11.501" classname="org.run.Example"/>
  <testcase name="verifyLink" time="10.035" classname="org.run.Example"/>
  <testcase name="verifyLink" time="10.578" classname="org.run.Example"/>
  <testcase name="verifyLink" time="10.593" classname="org.run.Example"/>
  <testcase name="verifyLink" time="31.719" classname="org.run.Example"/>
  <testcase name="verifyLink" time="11.032" classname="org.run.Example"/>
  <testcase name="verifyLink" time="11.657" classname="org.run.Example"/>
  <testcase name="verifyLink" time="11.453" classname="org.run.Example"/>
  <testcase name="verifyLink" time="12.063" classname="org.run.Example"/>
  <testcase name="verifyLink" time="11.625" classname="org.run.Example"/>
  <testcase name="verifyLink" time="13.437" classname="org.run.Example"/>
  <testcase name="verifyLink" time="11.250" classname="org.run.Example"/>
  <testcase name="verifyLink" time="12.282" classname="org.run.Example"/>
  <testcase name="verifyLink" time="31.156" classname="org.run.Example"/>
  <testcase name="verifyLink" time="13.438" classname="org.run.Example"/>
  <testcase name="verifyLink" time="12.001" classname="org.run.Example"/>
  <testcase name="verifyLink" time="128.140" classname="org.run.Example"/>
  <testcase name="verifyLink" time="11.563" classname="org.run.Example"/>
  <testcase name="verifyLink" time="11.203" classname="org.run.Example"/>
  <testcase name="verifyLink" time="11.579" classname="org.run.Example"/>
  <testcase name="verifyLink" time="10.547" classname="org.run.Example"/>
  <testcase name="verifyLink" time="15.174" classname="org.run.Example"/>
  <testcase name="verifyLink" time="11.640" classname="org.run.Example"/>
  <testcase name="verifyLink" time="11.031" classname="org.run.Example"/>
  <testcase name="verifyLink" time="12.312" classname="org.run.Example"/>
  <testcase name="verifyLink" time="11.078" classname="org.run.Example"/>
  <testcase name="verifyLink" time="11.594" classname="org.run.Example"/>
  <testcase name="verifyLink" time="12.079" classname="org.run.Example"/>
  <testcase name="verifyLink" time="10.985" classname="org.run.Example"/>
  <testcase name="verifyLink" time="31.563" classname="org.run.Example"/>
  <testcase name="verifyLink" time="10.969" classname="org.run.Example"/>
  <testcase name="verifyLink" time="10.578" classname="org.run.Example"/>
  <testcase name="verifyLink" time="10.938" classname="org.run.Example"/>
  <testcase name="verifyLink" time="11.379" classname="org.run.Example"/>
  <testcase name="verifyLink" time="12.392" classname="org.run.Example"/>
  <testcase name="verifyLink" time="11.109" classname="org.run.Example"/>
  <testcase name="verifyLink" time="9.516" classname="org.run.Example"/>
  <testcase name="verifyLink" time="11.313" classname="org.run.Example"/>
  <testcase name="verifyLink" time="11.297" classname="org.run.Example"/>
  <testcase name="verifyLink" time="11.578" classname="org.run.Example"/>
  <testcase name="verifyLink" time="10.921" classname="org.run.Example"/>
  <testcase name="verifyLink" time="11.140" classname="org.run.Example"/>
  <testcase name="verifyLink" time="31.062" classname="org.run.Example"/>
  <testcase name="verifyLink" time="11.015" classname="org.run.Example"/>
  <testcase name="verifyLink" time="11.531" classname="org.run.Example"/>
  <testcase name="verifyLink" time="11.141" classname="org.run.Example"/>
  <testcase name="verifyLink" time="11.593" classname="org.run.Example"/>
  <testcase name="verifyLink" time="10.437" classname="org.run.Example"/>
  <testcase name="verifyLink" time="11.031" classname="org.run.Example"/>
  <testcase name="verifyLink" time="9.985" classname="org.run.Example"/>
  <testcase name="verifyLink" time="11.016" classname="org.run.Example"/>
  <testcase name="verifyLink" time="11.484" classname="org.run.Example"/>
  <testcase name="verifyLink" time="12.219" classname="org.run.Example"/>
  <testcase name="verifyLink" time="11.188" classname="org.run.Example"/>
  <testcase name="verifyLink" time="10.296" classname="org.run.Example"/>
  <testcase name="verifyLink" time="11.168" classname="org.run.Example"/>
  <testcase name="verifyLink" time="11.578" classname="org.run.Example"/>
  <testcase name="verifyLink" time="11.485" classname="org.run.Example"/>
  <testcase name="verifyLink" time="11.609" classname="org.run.Example"/>
  <testcase name="verifyLink" time="32.347" classname="org.run.Example"/>
  <testcase name="verifyLink" time="31.218" classname="org.run.Example"/>
  <testcase name="verifyLink" time="11.391" classname="org.run.Example"/>
  <testcase name="verifyLink" time="11.313" classname="org.run.Example"/>
  <testcase name="verifyLink" time="11.125" classname="org.run.Example"/>
  <testcase name="verifyLink" time="11.797" classname="org.run.Example"/>
  <testcase name="verifyLink" time="11.922" classname="org.run.Example"/>
  <testcase name="verifyLink" time="15.982" classname="org.run.Example"/>
  <testcase name="verifyLink" time="12.500" classname="org.run.Example"/>
  <testcase name="verifyLink" time="10.218" classname="org.run.Example"/>
  <testcase name="verifyLink" time="10.172" classname="org.run.Example"/>
  <testcase name="verifyLink" time="10.969" classname="org.run.Example"/>
  <testcase name="verifyLink" time="11.797" classname="org.run.Example"/>
  <testcase name="verifyLink" time="11.829" classname="org.run.Example"/>
  <testcase name="verifyLink" time="13.078" classname="org.run.Example"/>
  <testcase name="verifyLink" time="12.719" classname="org.run.Example"/>
  <testcase name="verifyLink" time="11.906" classname="org.run.Example"/>
  <testcase name="verifyLink" time="34.673" classname="org.run.Example"/>
  <testcase name="verifyLink" time="10.734" classname="org.run.Example"/>
  <testcase name="verifyLink" time="11.344" classname="org.run.Example"/>
  <testcase name="verifyLink" time="11.125" classname="org.run.Example"/>
  <testcase name="verifyLink" time="11.015" classname="org.run.Example"/>
  <testcase name="verifyLink" time="12.452" classname="org.run.Example"/>
  <testcase name="verifyLink" time="31.094" classname="org.run.Example"/>
  <testcase name="verifyLink" time="12.470" classname="org.run.Example"/>
  <testcase name="verifyLink" time="11.348" classname="org.run.Example"/>
  <testcase name="verifyLink" time="10.828" classname="org.run.Example"/>
  <testcase name="verifyLink" time="11.282" classname="org.run.Example"/>
  <testcase name="verifyLink" time="11.687" classname="org.run.Example"/>
  <testcase name="verifyLink" time="11.360" classname="org.run.Example"/>
  <testcase name="verifyLink" time="129.580" classname="org.run.Example"/>
  <testcase name="verifyLink" time="12.547" classname="org.run.Example"/>
  <testcase name="verifyLink" time="10.734" classname="org.run.Example"/>
  <testcase name="verifyLink" time="11.765" classname="org.run.Example"/>
  <testcase name="verifyLink" time="97.017" classname="org.run.Example"/>
  <testcase name="verifyLink" time="11.203" classname="org.run.Example"/>
  <testcase name="verifyLink" time="10.219" classname="org.run.Example"/>
  <testcase name="verifyLink" time="11.031" classname="org.run.Example"/>
  <testcase name="verifyLink" time="11.422" classname="org.run.Example"/>
  <testcase name="verifyLink" time="13.188" classname="org.run.Example"/>
  <testcase name="verifyLink" time="11.219" classname="org.run.Example"/>
  <testcase name="verifyLink" time="11.204" classname="org.run.Example"/>
  <testcase name="verifyLink" time="10.281" classname="org.run.Example"/>
  <testcase name="verifyLink" time="12.703" classname="org.run.Example"/>
  <testcase name="verifyLink" time="31.576" classname="org.run.Example"/>
  <testcase name="verifyLink" time="10.750" classname="org.run.Example"/>
  <testcase name="verifyLink" time="11.328" classname="org.run.Example"/>
  <testcase name="verifyLink" time="10.938" classname="org.run.Example"/>
  <testcase name="verifyLink" time="11.532" classname="org.run.Example"/>
  <testcase name="verifyLink" time="11.687" classname="org.run.Example"/>
  <testcase name="verifyLink" time="10.063" classname="org.run.Example"/>
  <testcase name="verifyLink" time="11.547" classname="org.run.Example"/>
  <testcase name="verifyLink" time="11.219" classname="org.run.Example"/>
  <testcase name="verifyLink" time="11.328" classname="org.run.Example"/>
  <testcase name="verifyLink" time="11.844" classname="org.run.Example"/>
  <testcase name="verifyLink" time="10.781" classname="org.run.Example"/>
  <testcase name="verifyLink" time="11.281" classname="org.run.Example"/>
  <testcase name="verifyLink" time="11.328" classname="org.run.Example"/>
  <testcase name="verifyLink" time="10.406" classname="org.run.Example"/>
  <testcase name="verifyLink" time="11.047" classname="org.run.Example"/>
  <testcase name="verifyLink" time="10.297" classname="org.run.Example"/>
  <testcase name="verifyLink" time="11.688" classname="org.run.Example"/>
  <testcase name="verifyLink" time="11.797" classname="org.run.Example"/>
  <testcase name="verifyLink" time="13.515" classname="org.run.Example"/>
  <testcase name="verifyLink" time="11.078" classname="org.run.Example"/>
</testsuite> <!-- org.run.Example -->
