<?xml version="1.0" encoding="UTF-8"?>
<!-- Generated by org.testng.reporters.JUnitReportReporter -->
<testsuite skipped="0" hostname="DIGITAL-0099" name="org.run.Articles_GetText" tests="18" failures="0" timestamp="29 Oct 2022 06:33:52 GMT" time="254.730" errors="0">
  <testcase name="verifyLink" time="12.443" classname="org.run.Articles_GetText"/>
  <testcase name="verifyLink" time="14.620" classname="org.run.Articles_GetText"/>
  <testcase name="verifyLink" time="17.485" classname="org.run.Articles_GetText"/>
  <testcase name="verifyLink" time="13.089" classname="org.run.Articles_GetText"/>
  <testcase name="verifyLink" time="12.154" classname="org.run.Articles_GetText"/>
  <testcase name="verifyLink" time="14.078" classname="org.run.Articles_GetText"/>
  <testcase name="verifyLink" time="12.396" classname="org.run.Articles_GetText"/>
  <testcase name="verifyLink" time="12.550" classname="org.run.Articles_GetText"/>
  <testcase name="verifyLink" time="12.210" classname="org.run.Articles_GetText"/>
  <testcase name="verifyLink" time="13.452" classname="org.run.Articles_GetText"/>
  <testcase name="verifyLink" time="14.234" classname="org.run.Articles_GetText"/>
  <testcase name="verifyLink" time="19.158" classname="org.run.Articles_GetText"/>
  <testcase name="verifyLink" time="12.782" classname="org.run.Articles_GetText"/>
  <testcase name="verifyLink" time="16.341" classname="org.run.Articles_GetText"/>
  <testcase name="verifyLink" time="12.697" classname="org.run.Articles_GetText"/>
  <testcase name="verifyLink" time="16.503" classname="org.run.Articles_GetText"/>
  <testcase name="verifyLink" time="14.068" classname="org.run.Articles_GetText"/>
  <testcase name="verifyLink" time="14.470" classname="org.run.Articles_GetText"/>
</testsuite> <!-- org.run.Articles_GetText -->
