<?xml version="1.0" encoding="UTF-8"?>
<!-- Generated by org.testng.reporters.JUnitReportReporter -->
<testsuite skipped="0" hostname="DIGITAL-0099" name="P_Run.Simultaneous" tests="2" failures="0" timestamp="21 Jul 2022 10:01:11 GMT" time="22.564" errors="0">
  <testcase name="runScenario" time="11.282" classname="P_Run.Simultaneous"/>
  <testcase name="runScenario" time="11.282" classname="P_Run.Simultaneous"/>
</testsuite> <!-- P_Run.Simultaneous -->
