<?xml version="1.0" encoding="UTF-8"?>
<!-- Generated by org.testng.reporters.JUnitReportReporter -->
<testsuite skipped="0" hostname="DIGITAL-0099" name="org.api.test.RestAssuredd" tests="1" failures="0" timestamp="28 Jan 2023 06:22:51 GMT" time="3.505" errors="0">
  <testcase name="demo" time="3.505" classname="org.api.test.RestAssuredd"/>
</testsuite> <!-- org.api.test.RestAssuredd -->
