<?xml version="1.0" encoding="UTF-8"?>
<!-- Generated by org.testng.reporters.JUnitReportReporter -->
<testsuite skipped="0" hostname="DIGITAL-0099" name="org.run.Articles_Interest_Rate" tests="271" failures="0" timestamp="09 Mar 2023 20:10:18 GMT" time="2630.330" errors="0">
  <testcase name="verifyLink" time="12.390" classname="org.run.Articles_Interest_Rate"/>
  <testcase name="verifyLink" time="12.517" classname="org.run.Articles_Interest_Rate"/>
  <testcase name="verifyLink" time="10.960" classname="org.run.Articles_Interest_Rate"/>
  <testcase name="verifyLink" time="8.268" classname="org.run.Articles_Interest_Rate"/>
  <testcase name="verifyLink" time="9.028" classname="org.run.Articles_Interest_Rate"/>
  <testcase name="verifyLink" time="9.501" classname="org.run.Articles_Interest_Rate"/>
  <testcase name="verifyLink" time="8.648" classname="org.run.Articles_Interest_Rate"/>
  <testcase name="verifyLink" time="3.931" classname="org.run.Articles_Interest_Rate"/>
  <testcase name="verifyLink" time="10.630" classname="org.run.Articles_Interest_Rate"/>
  <testcase name="verifyLink" time="8.713" classname="org.run.Articles_Interest_Rate"/>
  <testcase name="verifyLink" time="14.566" classname="org.run.Articles_Interest_Rate"/>
  <testcase name="verifyLink" time="12.869" classname="org.run.Articles_Interest_Rate"/>
  <testcase name="verifyLink" time="2.334" classname="org.run.Articles_Interest_Rate"/>
  <testcase name="verifyLink" time="9.110" classname="org.run.Articles_Interest_Rate"/>
  <testcase name="verifyLink" time="8.875" classname="org.run.Articles_Interest_Rate"/>
  <testcase name="verifyLink" time="11.277" classname="org.run.Articles_Interest_Rate"/>
  <testcase name="verifyLink" time="13.511" classname="org.run.Articles_Interest_Rate"/>
  <testcase name="verifyLink" time="10.899" classname="org.run.Articles_Interest_Rate"/>
  <testcase name="verifyLink" time="12.040" classname="org.run.Articles_Interest_Rate"/>
  <testcase name="verifyLink" time="11.435" classname="org.run.Articles_Interest_Rate"/>
  <testcase name="verifyLink" time="9.410" classname="org.run.Articles_Interest_Rate"/>
  <testcase name="verifyLink" time="9.651" classname="org.run.Articles_Interest_Rate"/>
  <testcase name="verifyLink" time="11.939" classname="org.run.Articles_Interest_Rate"/>
  <testcase name="verifyLink" time="12.061" classname="org.run.Articles_Interest_Rate"/>
  <testcase name="verifyLink" time="10.833" classname="org.run.Articles_Interest_Rate"/>
  <testcase name="verifyLink" time="8.454" classname="org.run.Articles_Interest_Rate"/>
  <testcase name="verifyLink" time="12.520" classname="org.run.Articles_Interest_Rate"/>
  <testcase name="verifyLink" time="7.719" classname="org.run.Articles_Interest_Rate"/>
  <testcase name="verifyLink" time="8.277" classname="org.run.Articles_Interest_Rate"/>
  <testcase name="verifyLink" time="3.836" classname="org.run.Articles_Interest_Rate"/>
  <testcase name="verifyLink" time="10.845" classname="org.run.Articles_Interest_Rate"/>
  <testcase name="verifyLink" time="6.855" classname="org.run.Articles_Interest_Rate"/>
  <testcase name="verifyLink" time="2.748" classname="org.run.Articles_Interest_Rate"/>
  <testcase name="verifyLink" time="11.677" classname="org.run.Articles_Interest_Rate"/>
  <testcase name="verifyLink" time="11.618" classname="org.run.Articles_Interest_Rate"/>
  <testcase name="verifyLink" time="3.514" classname="org.run.Articles_Interest_Rate"/>
  <testcase name="verifyLink" time="9.725" classname="org.run.Articles_Interest_Rate"/>
  <testcase name="verifyLink" time="8.389" classname="org.run.Articles_Interest_Rate"/>
  <testcase name="verifyLink" time="10.619" classname="org.run.Articles_Interest_Rate"/>
  <testcase name="verifyLink" time="13.402" classname="org.run.Articles_Interest_Rate"/>
  <testcase name="verifyLink" time="10.804" classname="org.run.Articles_Interest_Rate"/>
  <testcase name="verifyLink" time="8.380" classname="org.run.Articles_Interest_Rate"/>
  <testcase name="verifyLink" time="9.574" classname="org.run.Articles_Interest_Rate"/>
  <testcase name="verifyLink" time="7.307" classname="org.run.Articles_Interest_Rate"/>
  <testcase name="verifyLink" time="9.988" classname="org.run.Articles_Interest_Rate"/>
  <testcase name="verifyLink" time="9.108" classname="org.run.Articles_Interest_Rate"/>
  <testcase name="verifyLink" time="13.512" classname="org.run.Articles_Interest_Rate"/>
  <testcase name="verifyLink" time="9.006" classname="org.run.Articles_Interest_Rate"/>
  <testcase name="verifyLink" time="8.024" classname="org.run.Articles_Interest_Rate"/>
  <testcase name="verifyLink" time="8.728" classname="org.run.Articles_Interest_Rate"/>
  <testcase name="verifyLink" time="19.309" classname="org.run.Articles_Interest_Rate"/>
  <testcase name="verifyLink" time="11.566" classname="org.run.Articles_Interest_Rate"/>
  <testcase name="verifyLink" time="8.440" classname="org.run.Articles_Interest_Rate"/>
  <testcase name="verifyLink" time="11.931" classname="org.run.Articles_Interest_Rate"/>
  <testcase name="verifyLink" time="7.428" classname="org.run.Articles_Interest_Rate"/>
  <testcase name="verifyLink" time="8.053" classname="org.run.Articles_Interest_Rate"/>
  <testcase name="verifyLink" time="12.029" classname="org.run.Articles_Interest_Rate"/>
  <testcase name="verifyLink" time="12.328" classname="org.run.Articles_Interest_Rate"/>
  <testcase name="verifyLink" time="11.750" classname="org.run.Articles_Interest_Rate"/>
  <testcase name="verifyLink" time="15.837" classname="org.run.Articles_Interest_Rate"/>
  <testcase name="verifyLink" time="8.635" classname="org.run.Articles_Interest_Rate"/>
  <testcase name="verifyLink" time="11.943" classname="org.run.Articles_Interest_Rate"/>
  <testcase name="verifyLink" time="11.292" classname="org.run.Articles_Interest_Rate"/>
  <testcase name="verifyLink" time="9.887" classname="org.run.Articles_Interest_Rate"/>
  <testcase name="verifyLink" time="14.877" classname="org.run.Articles_Interest_Rate"/>
  <testcase name="verifyLink" time="9.227" classname="org.run.Articles_Interest_Rate"/>
  <testcase name="verifyLink" time="9.885" classname="org.run.Articles_Interest_Rate"/>
  <testcase name="verifyLink" time="7.609" classname="org.run.Articles_Interest_Rate"/>
  <testcase name="verifyLink" time="7.518" classname="org.run.Articles_Interest_Rate"/>
  <testcase name="verifyLink" time="6.365" classname="org.run.Articles_Interest_Rate"/>
  <testcase name="verifyLink" time="8.940" classname="org.run.Articles_Interest_Rate"/>
  <testcase name="verifyLink" time="8.634" classname="org.run.Articles_Interest_Rate"/>
  <testcase name="verifyLink" time="9.067" classname="org.run.Articles_Interest_Rate"/>
  <testcase name="verifyLink" time="15.028" classname="org.run.Articles_Interest_Rate"/>
  <testcase name="verifyLink" time="10.697" classname="org.run.Articles_Interest_Rate"/>
  <testcase name="verifyLink" time="8.957" classname="org.run.Articles_Interest_Rate"/>
  <testcase name="verifyLink" time="13.276" classname="org.run.Articles_Interest_Rate"/>
  <testcase name="verifyLink" time="15.020" classname="org.run.Articles_Interest_Rate"/>
  <testcase name="verifyLink" time="9.719" classname="org.run.Articles_Interest_Rate"/>
  <testcase name="verifyLink" time="7.943" classname="org.run.Articles_Interest_Rate"/>
  <testcase name="verifyLink" time="9.770" classname="org.run.Articles_Interest_Rate"/>
  <testcase name="verifyLink" time="13.815" classname="org.run.Articles_Interest_Rate"/>
  <testcase name="verifyLink" time="9.176" classname="org.run.Articles_Interest_Rate"/>
  <testcase name="verifyLink" time="10.818" classname="org.run.Articles_Interest_Rate"/>
  <testcase name="verifyLink" time="12.112" classname="org.run.Articles_Interest_Rate"/>
  <testcase name="verifyLink" time="14.487" classname="org.run.Articles_Interest_Rate"/>
  <testcase name="verifyLink" time="7.917" classname="org.run.Articles_Interest_Rate"/>
  <testcase name="verifyLink" time="7.652" classname="org.run.Articles_Interest_Rate"/>
  <testcase name="verifyLink" time="14.267" classname="org.run.Articles_Interest_Rate"/>
  <testcase name="verifyLink" time="9.426" classname="org.run.Articles_Interest_Rate"/>
  <testcase name="verifyLink" time="10.806" classname="org.run.Articles_Interest_Rate"/>
  <testcase name="verifyLink" time="10.033" classname="org.run.Articles_Interest_Rate"/>
  <testcase name="verifyLink" time="4.323" classname="org.run.Articles_Interest_Rate"/>
  <testcase name="verifyLink" time="7.559" classname="org.run.Articles_Interest_Rate"/>
  <testcase name="verifyLink" time="11.904" classname="org.run.Articles_Interest_Rate"/>
  <testcase name="verifyLink" time="2.762" classname="org.run.Articles_Interest_Rate"/>
  <testcase name="verifyLink" time="9.703" classname="org.run.Articles_Interest_Rate"/>
  <testcase name="verifyLink" time="9.500" classname="org.run.Articles_Interest_Rate"/>
  <testcase name="verifyLink" time="7.329" classname="org.run.Articles_Interest_Rate"/>
  <testcase name="verifyLink" time="7.985" classname="org.run.Articles_Interest_Rate"/>
  <testcase name="verifyLink" time="8.501" classname="org.run.Articles_Interest_Rate"/>
  <testcase name="verifyLink" time="13.810" classname="org.run.Articles_Interest_Rate"/>
  <testcase name="verifyLink" time="9.938" classname="org.run.Articles_Interest_Rate"/>
  <testcase name="verifyLink" time="9.952" classname="org.run.Articles_Interest_Rate"/>
  <testcase name="verifyLink" time="1.472" classname="org.run.Articles_Interest_Rate"/>
  <testcase name="verifyLink" time="12.476" classname="org.run.Articles_Interest_Rate"/>
  <testcase name="verifyLink" time="6.627" classname="org.run.Articles_Interest_Rate"/>
  <testcase name="verifyLink" time="9.250" classname="org.run.Articles_Interest_Rate"/>
  <testcase name="verifyLink" time="10.061" classname="org.run.Articles_Interest_Rate"/>
  <testcase name="verifyLink" time="10.175" classname="org.run.Articles_Interest_Rate"/>
  <testcase name="verifyLink" time="8.582" classname="org.run.Articles_Interest_Rate"/>
  <testcase name="verifyLink" time="9.198" classname="org.run.Articles_Interest_Rate"/>
  <testcase name="verifyLink" time="3.527" classname="org.run.Articles_Interest_Rate"/>
  <testcase name="verifyLink" time="9.270" classname="org.run.Articles_Interest_Rate"/>
  <testcase name="verifyLink" time="13.380" classname="org.run.Articles_Interest_Rate"/>
  <testcase name="verifyLink" time="8.265" classname="org.run.Articles_Interest_Rate"/>
  <testcase name="verifyLink" time="14.701" classname="org.run.Articles_Interest_Rate"/>
  <testcase name="verifyLink" time="8.894" classname="org.run.Articles_Interest_Rate"/>
  <testcase name="verifyLink" time="3.475" classname="org.run.Articles_Interest_Rate"/>
  <testcase name="verifyLink" time="2.158" classname="org.run.Articles_Interest_Rate"/>
  <testcase name="verifyLink" time="10.784" classname="org.run.Articles_Interest_Rate"/>
  <testcase name="verifyLink" time="9.991" classname="org.run.Articles_Interest_Rate"/>
  <testcase name="verifyLink" time="12.722" classname="org.run.Articles_Interest_Rate"/>
  <testcase name="verifyLink" time="9.343" classname="org.run.Articles_Interest_Rate"/>
  <testcase name="verifyLink" time="7.308" classname="org.run.Articles_Interest_Rate"/>
  <testcase name="verifyLink" time="9.060" classname="org.run.Articles_Interest_Rate"/>
  <testcase name="verifyLink" time="9.585" classname="org.run.Articles_Interest_Rate"/>
  <testcase name="verifyLink" time="7.205" classname="org.run.Articles_Interest_Rate"/>
  <testcase name="verifyLink" time="8.532" classname="org.run.Articles_Interest_Rate"/>
  <testcase name="verifyLink" time="8.271" classname="org.run.Articles_Interest_Rate"/>
  <testcase name="verifyLink" time="10.998" classname="org.run.Articles_Interest_Rate"/>
  <testcase name="verifyLink" time="3.597" classname="org.run.Articles_Interest_Rate"/>
  <testcase name="verifyLink" time="6.243" classname="org.run.Articles_Interest_Rate"/>
  <testcase name="verifyLink" time="12.934" classname="org.run.Articles_Interest_Rate"/>
  <testcase name="verifyLink" time="7.601" classname="org.run.Articles_Interest_Rate"/>
  <testcase name="verifyLink" time="11.355" classname="org.run.Articles_Interest_Rate"/>
  <testcase name="verifyLink" time="7.239" classname="org.run.Articles_Interest_Rate"/>
  <testcase name="verifyLink" time="12.206" classname="org.run.Articles_Interest_Rate"/>
  <testcase name="verifyLink" time="2.644" classname="org.run.Articles_Interest_Rate"/>
  <testcase name="verifyLink" time="7.773" classname="org.run.Articles_Interest_Rate"/>
  <testcase name="verifyLink" time="11.004" classname="org.run.Articles_Interest_Rate"/>
  <testcase name="verifyLink" time="13.469" classname="org.run.Articles_Interest_Rate"/>
  <testcase name="verifyLink" time="10.394" classname="org.run.Articles_Interest_Rate"/>
  <testcase name="verifyLink" time="11.300" classname="org.run.Articles_Interest_Rate"/>
  <testcase name="verifyLink" time="7.774" classname="org.run.Articles_Interest_Rate"/>
  <testcase name="verifyLink" time="8.397" classname="org.run.Articles_Interest_Rate"/>
  <testcase name="verifyLink" time="13.035" classname="org.run.Articles_Interest_Rate"/>
  <testcase name="verifyLink" time="7.052" classname="org.run.Articles_Interest_Rate"/>
  <testcase name="verifyLink" time="12.573" classname="org.run.Articles_Interest_Rate"/>
  <testcase name="verifyLink" time="10.918" classname="org.run.Articles_Interest_Rate"/>
  <testcase name="verifyLink" time="11.396" classname="org.run.Articles_Interest_Rate"/>
  <testcase name="verifyLink" time="15.340" classname="org.run.Articles_Interest_Rate"/>
  <testcase name="verifyLink" time="4.783" classname="org.run.Articles_Interest_Rate"/>
  <testcase name="verifyLink" time="14.029" classname="org.run.Articles_Interest_Rate"/>
  <testcase name="verifyLink" time="10.709" classname="org.run.Articles_Interest_Rate"/>
  <testcase name="verifyLink" time="6.979" classname="org.run.Articles_Interest_Rate"/>
  <testcase name="verifyLink" time="10.006" classname="org.run.Articles_Interest_Rate"/>
  <testcase name="verifyLink" time="12.067" classname="org.run.Articles_Interest_Rate"/>
  <testcase name="verifyLink" time="13.770" classname="org.run.Articles_Interest_Rate"/>
  <testcase name="verifyLink" time="7.761" classname="org.run.Articles_Interest_Rate"/>
  <testcase name="verifyLink" time="4.855" classname="org.run.Articles_Interest_Rate"/>
  <testcase name="verifyLink" time="9.196" classname="org.run.Articles_Interest_Rate"/>
  <testcase name="verifyLink" time="10.812" classname="org.run.Articles_Interest_Rate"/>
  <testcase name="verifyLink" time="12.175" classname="org.run.Articles_Interest_Rate"/>
  <testcase name="verifyLink" time="11.611" classname="org.run.Articles_Interest_Rate"/>
  <testcase name="verifyLink" time="3.459" classname="org.run.Articles_Interest_Rate"/>
  <testcase name="verifyLink" time="8.286" classname="org.run.Articles_Interest_Rate"/>
  <testcase name="verifyLink" time="11.920" classname="org.run.Articles_Interest_Rate"/>
  <testcase name="verifyLink" time="8.753" classname="org.run.Articles_Interest_Rate"/>
  <testcase name="verifyLink" time="13.932" classname="org.run.Articles_Interest_Rate"/>
  <testcase name="verifyLink" time="13.910" classname="org.run.Articles_Interest_Rate"/>
  <testcase name="verifyLink" time="3.582" classname="org.run.Articles_Interest_Rate"/>
  <testcase name="verifyLink" time="8.816" classname="org.run.Articles_Interest_Rate"/>
  <testcase name="verifyLink" time="11.585" classname="org.run.Articles_Interest_Rate"/>
  <testcase name="verifyLink" time="7.187" classname="org.run.Articles_Interest_Rate"/>
  <testcase name="verifyLink" time="9.925" classname="org.run.Articles_Interest_Rate"/>
  <testcase name="verifyLink" time="14.350" classname="org.run.Articles_Interest_Rate"/>
  <testcase name="verifyLink" time="11.478" classname="org.run.Articles_Interest_Rate"/>
  <testcase name="verifyLink" time="7.176" classname="org.run.Articles_Interest_Rate"/>
  <testcase name="verifyLink" time="12.281" classname="org.run.Articles_Interest_Rate"/>
  <testcase name="verifyLink" time="9.254" classname="org.run.Articles_Interest_Rate"/>
  <testcase name="verifyLink" time="14.789" classname="org.run.Articles_Interest_Rate"/>
  <testcase name="verifyLink" time="8.918" classname="org.run.Articles_Interest_Rate"/>
  <testcase name="verifyLink" time="6.920" classname="org.run.Articles_Interest_Rate"/>
  <testcase name="verifyLink" time="15.095" classname="org.run.Articles_Interest_Rate"/>
  <testcase name="verifyLink" time="10.433" classname="org.run.Articles_Interest_Rate"/>
  <testcase name="verifyLink" time="13.731" classname="org.run.Articles_Interest_Rate"/>
  <testcase name="verifyLink" time="8.867" classname="org.run.Articles_Interest_Rate"/>
  <testcase name="verifyLink" time="8.322" classname="org.run.Articles_Interest_Rate"/>
  <testcase name="verifyLink" time="10.660" classname="org.run.Articles_Interest_Rate"/>
  <testcase name="verifyLink" time="11.143" classname="org.run.Articles_Interest_Rate"/>
  <testcase name="verifyLink" time="8.996" classname="org.run.Articles_Interest_Rate"/>
  <testcase name="verifyLink" time="10.703" classname="org.run.Articles_Interest_Rate"/>
  <testcase name="verifyLink" time="13.188" classname="org.run.Articles_Interest_Rate"/>
  <testcase name="verifyLink" time="12.838" classname="org.run.Articles_Interest_Rate"/>
  <testcase name="verifyLink" time="10.917" classname="org.run.Articles_Interest_Rate"/>
  <testcase name="verifyLink" time="12.103" classname="org.run.Articles_Interest_Rate"/>
  <testcase name="verifyLink" time="12.940" classname="org.run.Articles_Interest_Rate"/>
  <testcase name="verifyLink" time="12.532" classname="org.run.Articles_Interest_Rate"/>
  <testcase name="verifyLink" time="7.944" classname="org.run.Articles_Interest_Rate"/>
  <testcase name="verifyLink" time="6.979" classname="org.run.Articles_Interest_Rate"/>
  <testcase name="verifyLink" time="7.686" classname="org.run.Articles_Interest_Rate"/>
  <testcase name="verifyLink" time="9.999" classname="org.run.Articles_Interest_Rate"/>
  <testcase name="verifyLink" time="10.184" classname="org.run.Articles_Interest_Rate"/>
  <testcase name="verifyLink" time="7.943" classname="org.run.Articles_Interest_Rate"/>
  <testcase name="verifyLink" time="11.715" classname="org.run.Articles_Interest_Rate"/>
  <testcase name="verifyLink" time="8.367" classname="org.run.Articles_Interest_Rate"/>
  <testcase name="verifyLink" time="9.795" classname="org.run.Articles_Interest_Rate"/>
  <testcase name="verifyLink" time="11.006" classname="org.run.Articles_Interest_Rate"/>
  <testcase name="verifyLink" time="12.352" classname="org.run.Articles_Interest_Rate"/>
  <testcase name="verifyLink" time="3.510" classname="org.run.Articles_Interest_Rate"/>
  <testcase name="verifyLink" time="10.641" classname="org.run.Articles_Interest_Rate"/>
  <testcase name="verifyLink" time="3.753" classname="org.run.Articles_Interest_Rate"/>
  <testcase name="verifyLink" time="9.659" classname="org.run.Articles_Interest_Rate"/>
  <testcase name="verifyLink" time="8.470" classname="org.run.Articles_Interest_Rate"/>
  <testcase name="verifyLink" time="7.538" classname="org.run.Articles_Interest_Rate"/>
  <testcase name="verifyLink" time="11.710" classname="org.run.Articles_Interest_Rate"/>
  <testcase name="verifyLink" time="4.018" classname="org.run.Articles_Interest_Rate"/>
  <testcase name="verifyLink" time="11.287" classname="org.run.Articles_Interest_Rate"/>
  <testcase name="verifyLink" time="10.222" classname="org.run.Articles_Interest_Rate"/>
  <testcase name="verifyLink" time="11.963" classname="org.run.Articles_Interest_Rate"/>
  <testcase name="verifyLink" time="10.460" classname="org.run.Articles_Interest_Rate"/>
  <testcase name="verifyLink" time="7.635" classname="org.run.Articles_Interest_Rate"/>
  <testcase name="verifyLink" time="10.589" classname="org.run.Articles_Interest_Rate"/>
  <testcase name="verifyLink" time="7.828" classname="org.run.Articles_Interest_Rate"/>
  <testcase name="verifyLink" time="8.993" classname="org.run.Articles_Interest_Rate"/>
  <testcase name="verifyLink" time="11.476" classname="org.run.Articles_Interest_Rate"/>
  <testcase name="verifyLink" time="10.677" classname="org.run.Articles_Interest_Rate"/>
  <testcase name="verifyLink" time="12.104" classname="org.run.Articles_Interest_Rate"/>
  <testcase name="verifyLink" time="8.437" classname="org.run.Articles_Interest_Rate"/>
  <testcase name="verifyLink" time="9.126" classname="org.run.Articles_Interest_Rate"/>
  <testcase name="verifyLink" time="10.270" classname="org.run.Articles_Interest_Rate"/>
  <testcase name="verifyLink" time="7.342" classname="org.run.Articles_Interest_Rate"/>
  <testcase name="verifyLink" time="8.544" classname="org.run.Articles_Interest_Rate"/>
  <testcase name="verifyLink" time="8.447" classname="org.run.Articles_Interest_Rate"/>
  <testcase name="verifyLink" time="12.802" classname="org.run.Articles_Interest_Rate"/>
  <testcase name="verifyLink" time="10.813" classname="org.run.Articles_Interest_Rate"/>
  <testcase name="verifyLink" time="10.537" classname="org.run.Articles_Interest_Rate"/>
  <testcase name="verifyLink" time="13.973" classname="org.run.Articles_Interest_Rate"/>
  <testcase name="verifyLink" time="10.903" classname="org.run.Articles_Interest_Rate"/>
  <testcase name="verifyLink" time="11.715" classname="org.run.Articles_Interest_Rate"/>
  <testcase name="verifyLink" time="2.621" classname="org.run.Articles_Interest_Rate"/>
  <testcase name="verifyLink" time="12.798" classname="org.run.Articles_Interest_Rate"/>
  <testcase name="verifyLink" time="9.660" classname="org.run.Articles_Interest_Rate"/>
  <testcase name="verifyLink" time="12.195" classname="org.run.Articles_Interest_Rate"/>
  <testcase name="verifyLink" time="4.039" classname="org.run.Articles_Interest_Rate"/>
  <testcase name="verifyLink" time="8.178" classname="org.run.Articles_Interest_Rate"/>
  <testcase name="verifyLink" time="8.569" classname="org.run.Articles_Interest_Rate"/>
  <testcase name="verifyLink" time="10.460" classname="org.run.Articles_Interest_Rate"/>
  <testcase name="verifyLink" time="9.989" classname="org.run.Articles_Interest_Rate"/>
  <testcase name="verifyLink" time="13.014" classname="org.run.Articles_Interest_Rate"/>
  <testcase name="verifyLink" time="8.791" classname="org.run.Articles_Interest_Rate"/>
  <testcase name="verifyLink" time="7.886" classname="org.run.Articles_Interest_Rate"/>
  <testcase name="verifyLink" time="8.350" classname="org.run.Articles_Interest_Rate"/>
  <testcase name="verifyLink" time="9.290" classname="org.run.Articles_Interest_Rate"/>
  <testcase name="verifyLink" time="8.659" classname="org.run.Articles_Interest_Rate"/>
  <testcase name="verifyLink" time="14.588" classname="org.run.Articles_Interest_Rate"/>
  <testcase name="verifyLink" time="3.499" classname="org.run.Articles_Interest_Rate"/>
  <testcase name="verifyLink" time="7.464" classname="org.run.Articles_Interest_Rate"/>
  <testcase name="verifyLink" time="5.213" classname="org.run.Articles_Interest_Rate"/>
  <testcase name="verifyLink" time="10.613" classname="org.run.Articles_Interest_Rate"/>
  <testcase name="verifyLink" time="10.043" classname="org.run.Articles_Interest_Rate"/>
  <testcase name="verifyLink" time="9.282" classname="org.run.Articles_Interest_Rate"/>
  <testcase name="verifyLink" time="10.414" classname="org.run.Articles_Interest_Rate"/>
  <testcase name="verifyLink" time="8.939" classname="org.run.Articles_Interest_Rate"/>
  <testcase name="verifyLink" time="7.224" classname="org.run.Articles_Interest_Rate"/>
  <testcase name="verifyLink" time="11.289" classname="org.run.Articles_Interest_Rate"/>
  <testcase name="verifyLink" time="9.066" classname="org.run.Articles_Interest_Rate"/>
  <testcase name="verifyLink" time="6.794" classname="org.run.Articles_Interest_Rate"/>
  <testcase name="verifyLink" time="8.338" classname="org.run.Articles_Interest_Rate"/>
  <testcase name="verifyLink" time="9.597" classname="org.run.Articles_Interest_Rate"/>
</testsuite> <!-- org.run.Articles_Interest_Rate -->
