<?xml version="1.0" encoding="UTF-8"?>
<!-- Generated by org.testng.reporters.JUnitReportReporter -->
<testsuite skipped="0" hostname="DIGITAL-0099" name="org.run.Accurate_Broken_Eight_Nov" tests="149" failures="0" timestamp="05 Jan 2023 15:02:14 GMT" time="3676.341" errors="0">
  <testcase name="runner" time="16.360" classname="org.run.Accurate_Broken_Eight_Nov"/>
  <testcase name="runner" time="18.751" classname="org.run.Accurate_Broken_Eight_Nov"/>
  <testcase name="runner" time="12.419" classname="org.run.Accurate_Broken_Eight_Nov"/>
  <testcase name="runner" time="7.970" classname="org.run.Accurate_Broken_Eight_Nov"/>
  <testcase name="runner" time="8.382" classname="org.run.Accurate_Broken_Eight_Nov"/>
  <testcase name="runner" time="18.344" classname="org.run.Accurate_Broken_Eight_Nov"/>
  <testcase name="runner" time="18.695" classname="org.run.Accurate_Broken_Eight_Nov"/>
  <testcase name="runner" time="129.188" classname="org.run.Accurate_Broken_Eight_Nov"/>
  <testcase name="runner" time="12.200" classname="org.run.Accurate_Broken_Eight_Nov"/>
  <testcase name="runner" time="15.906" classname="org.run.Accurate_Broken_Eight_Nov"/>
  <testcase name="runner" time="127.395" classname="org.run.Accurate_Broken_Eight_Nov"/>
  <testcase name="runner" time="15.859" classname="org.run.Accurate_Broken_Eight_Nov"/>
  <testcase name="runner" time="19.300" classname="org.run.Accurate_Broken_Eight_Nov"/>
  <testcase name="runner" time="12.642" classname="org.run.Accurate_Broken_Eight_Nov"/>
  <testcase name="runner" time="12.084" classname="org.run.Accurate_Broken_Eight_Nov"/>
  <testcase name="runner" time="16.123" classname="org.run.Accurate_Broken_Eight_Nov"/>
  <testcase name="runner" time="11.775" classname="org.run.Accurate_Broken_Eight_Nov"/>
  <testcase name="runner" time="16.154" classname="org.run.Accurate_Broken_Eight_Nov"/>
  <testcase name="runner" time="12.504" classname="org.run.Accurate_Broken_Eight_Nov"/>
  <testcase name="runner" time="9.792" classname="org.run.Accurate_Broken_Eight_Nov"/>
  <testcase name="runner" time="9.115" classname="org.run.Accurate_Broken_Eight_Nov"/>
  <testcase name="runner" time="12.834" classname="org.run.Accurate_Broken_Eight_Nov"/>
  <testcase name="runner" time="12.390" classname="org.run.Accurate_Broken_Eight_Nov"/>
  <testcase name="runner" time="7.468" classname="org.run.Accurate_Broken_Eight_Nov"/>
  <testcase name="runner" time="12.194" classname="org.run.Accurate_Broken_Eight_Nov"/>
  <testcase name="runner" time="16.266" classname="org.run.Accurate_Broken_Eight_Nov"/>
  <testcase name="runner" time="19.160" classname="org.run.Accurate_Broken_Eight_Nov"/>
  <testcase name="runner" time="12.808" classname="org.run.Accurate_Broken_Eight_Nov"/>
  <testcase name="runner" time="12.140" classname="org.run.Accurate_Broken_Eight_Nov"/>
  <testcase name="runner" time="127.360" classname="org.run.Accurate_Broken_Eight_Nov"/>
  <testcase name="runner" time="19.891" classname="org.run.Accurate_Broken_Eight_Nov"/>
  <testcase name="runner" time="16.500" classname="org.run.Accurate_Broken_Eight_Nov"/>
  <testcase name="runner" time="12.734" classname="org.run.Accurate_Broken_Eight_Nov"/>
  <testcase name="runner" time="11.979" classname="org.run.Accurate_Broken_Eight_Nov"/>
  <testcase name="runner" time="13.084" classname="org.run.Accurate_Broken_Eight_Nov"/>
  <testcase name="runner" time="12.269" classname="org.run.Accurate_Broken_Eight_Nov"/>
  <testcase name="runner" time="12.060" classname="org.run.Accurate_Broken_Eight_Nov"/>
  <testcase name="runner" time="16.125" classname="org.run.Accurate_Broken_Eight_Nov"/>
  <testcase name="runner" time="16.422" classname="org.run.Accurate_Broken_Eight_Nov"/>
  <testcase name="runner" time="15.765" classname="org.run.Accurate_Broken_Eight_Nov"/>
  <testcase name="runner" time="15.562" classname="org.run.Accurate_Broken_Eight_Nov"/>
  <testcase name="runner" time="16.187" classname="org.run.Accurate_Broken_Eight_Nov"/>
  <testcase name="runner" time="18.047" classname="org.run.Accurate_Broken_Eight_Nov"/>
  <testcase name="runner" time="16.922" classname="org.run.Accurate_Broken_Eight_Nov"/>
  <testcase name="runner" time="16.266" classname="org.run.Accurate_Broken_Eight_Nov"/>
  <testcase name="runner" time="11.335" classname="org.run.Accurate_Broken_Eight_Nov"/>
  <testcase name="runner" time="13.761" classname="org.run.Accurate_Broken_Eight_Nov"/>
  <testcase name="runner" time="12.847" classname="org.run.Accurate_Broken_Eight_Nov"/>
  <testcase name="runner" time="12.523" classname="org.run.Accurate_Broken_Eight_Nov"/>
  <testcase name="runner" time="16.829" classname="org.run.Accurate_Broken_Eight_Nov"/>
  <testcase name="runner" time="128.330" classname="org.run.Accurate_Broken_Eight_Nov"/>
  <testcase name="runner" time="12.995" classname="org.run.Accurate_Broken_Eight_Nov"/>
  <testcase name="runner" time="12.336" classname="org.run.Accurate_Broken_Eight_Nov"/>
  <testcase name="runner" time="12.958" classname="org.run.Accurate_Broken_Eight_Nov"/>
  <testcase name="runner" time="15.766" classname="org.run.Accurate_Broken_Eight_Nov"/>
  <testcase name="runner" time="127.407" classname="org.run.Accurate_Broken_Eight_Nov"/>
  <testcase name="runner" time="16.530" classname="org.run.Accurate_Broken_Eight_Nov"/>
  <testcase name="runner" time="12.893" classname="org.run.Accurate_Broken_Eight_Nov"/>
  <testcase name="runner" time="128.226" classname="org.run.Accurate_Broken_Eight_Nov"/>
  <testcase name="runner" time="16.159" classname="org.run.Accurate_Broken_Eight_Nov"/>
  <testcase name="runner" time="8.332" classname="org.run.Accurate_Broken_Eight_Nov"/>
  <testcase name="runner" time="8.464" classname="org.run.Accurate_Broken_Eight_Nov"/>
  <testcase name="runner" time="12.184" classname="org.run.Accurate_Broken_Eight_Nov"/>
  <testcase name="runner" time="12.833" classname="org.run.Accurate_Broken_Eight_Nov"/>
  <testcase name="runner" time="18.344" classname="org.run.Accurate_Broken_Eight_Nov"/>
  <testcase name="runner" time="18.406" classname="org.run.Accurate_Broken_Eight_Nov"/>
  <testcase name="runner" time="12.869" classname="org.run.Accurate_Broken_Eight_Nov"/>
  <testcase name="runner" time="128.270" classname="org.run.Accurate_Broken_Eight_Nov"/>
  <testcase name="runner" time="13.182" classname="org.run.Accurate_Broken_Eight_Nov"/>
  <testcase name="runner" time="18.512" classname="org.run.Accurate_Broken_Eight_Nov"/>
  <testcase name="runner" time="12.220" classname="org.run.Accurate_Broken_Eight_Nov"/>
  <testcase name="runner" time="12.111" classname="org.run.Accurate_Broken_Eight_Nov"/>
  <testcase name="runner" time="128.271" classname="org.run.Accurate_Broken_Eight_Nov"/>
  <testcase name="runner" time="16.640" classname="org.run.Accurate_Broken_Eight_Nov"/>
  <testcase name="runner" time="13.126" classname="org.run.Accurate_Broken_Eight_Nov"/>
  <testcase name="runner" time="12.771" classname="org.run.Accurate_Broken_Eight_Nov"/>
  <testcase name="runner" time="13.089" classname="org.run.Accurate_Broken_Eight_Nov"/>
  <testcase name="runner" time="12.826" classname="org.run.Accurate_Broken_Eight_Nov"/>
  <testcase name="runner" time="12.446" classname="org.run.Accurate_Broken_Eight_Nov"/>
  <testcase name="runner" time="15.454" classname="org.run.Accurate_Broken_Eight_Nov"/>
  <testcase name="runner" time="127.407" classname="org.run.Accurate_Broken_Eight_Nov"/>
  <testcase name="runner" time="12.891" classname="org.run.Accurate_Broken_Eight_Nov"/>
  <testcase name="runner" time="18.136" classname="org.run.Accurate_Broken_Eight_Nov"/>
  <testcase name="runner" time="15.925" classname="org.run.Accurate_Broken_Eight_Nov"/>
  <testcase name="runner" time="12.887" classname="org.run.Accurate_Broken_Eight_Nov"/>
  <testcase name="runner" time="12.231" classname="org.run.Accurate_Broken_Eight_Nov"/>
  <testcase name="runner" time="12.215" classname="org.run.Accurate_Broken_Eight_Nov"/>
  <testcase name="runner" time="10.777" classname="org.run.Accurate_Broken_Eight_Nov"/>
  <testcase name="runner" time="15.250" classname="org.run.Accurate_Broken_Eight_Nov"/>
  <testcase name="runner" time="15.656" classname="org.run.Accurate_Broken_Eight_Nov"/>
  <testcase name="runner" time="12.396" classname="org.run.Accurate_Broken_Eight_Nov"/>
  <testcase name="runner" time="13.241" classname="org.run.Accurate_Broken_Eight_Nov"/>
  <testcase name="runner" time="19.349" classname="org.run.Accurate_Broken_Eight_Nov"/>
  <testcase name="runner" time="18.046" classname="org.run.Accurate_Broken_Eight_Nov"/>
  <testcase name="runner" time="7.842" classname="org.run.Accurate_Broken_Eight_Nov"/>
  <testcase name="runner" time="16.517" classname="org.run.Accurate_Broken_Eight_Nov"/>
  <testcase name="runner" time="16.245" classname="org.run.Accurate_Broken_Eight_Nov"/>
  <testcase name="runner" time="13.186" classname="org.run.Accurate_Broken_Eight_Nov"/>
  <testcase name="runner" time="13.025" classname="org.run.Accurate_Broken_Eight_Nov"/>
  <testcase name="runner" time="18.800" classname="org.run.Accurate_Broken_Eight_Nov"/>
  <testcase name="runner" time="15.656" classname="org.run.Accurate_Broken_Eight_Nov"/>
  <testcase name="runner" time="16.703" classname="org.run.Accurate_Broken_Eight_Nov"/>
  <testcase name="runner" time="12.477" classname="org.run.Accurate_Broken_Eight_Nov"/>
  <testcase name="runner" time="16.781" classname="org.run.Accurate_Broken_Eight_Nov"/>
  <testcase name="runner" time="18.349" classname="org.run.Accurate_Broken_Eight_Nov"/>
  <testcase name="runner" time="12.641" classname="org.run.Accurate_Broken_Eight_Nov"/>
  <testcase name="runner" time="11.941" classname="org.run.Accurate_Broken_Eight_Nov"/>
  <testcase name="runner" time="12.623" classname="org.run.Accurate_Broken_Eight_Nov"/>
  <testcase name="runner" time="12.950" classname="org.run.Accurate_Broken_Eight_Nov"/>
  <testcase name="runner" time="18.566" classname="org.run.Accurate_Broken_Eight_Nov"/>
  <testcase name="runner" time="13.080" classname="org.run.Accurate_Broken_Eight_Nov"/>
  <testcase name="runner" time="11.930" classname="org.run.Accurate_Broken_Eight_Nov"/>
  <testcase name="runner" time="15.027" classname="org.run.Accurate_Broken_Eight_Nov"/>
  <testcase name="runner" time="16.375" classname="org.run.Accurate_Broken_Eight_Nov"/>
  <testcase name="runner" time="12.818" classname="org.run.Accurate_Broken_Eight_Nov"/>
  <testcase name="runner" time="17.625" classname="org.run.Accurate_Broken_Eight_Nov"/>
  <testcase name="runner" time="9.220" classname="org.run.Accurate_Broken_Eight_Nov"/>
  <testcase name="runner" time="8.430" classname="org.run.Accurate_Broken_Eight_Nov"/>
  <testcase name="runner" time="14.242" classname="org.run.Accurate_Broken_Eight_Nov"/>
  <testcase name="runner" time="8.854" classname="org.run.Accurate_Broken_Eight_Nov"/>
  <testcase name="runner" time="127.908" classname="org.run.Accurate_Broken_Eight_Nov"/>
  <testcase name="runner" time="10.486" classname="org.run.Accurate_Broken_Eight_Nov"/>
  <testcase name="runner" time="18.141" classname="org.run.Accurate_Broken_Eight_Nov"/>
  <testcase name="runner" time="17.250" classname="org.run.Accurate_Broken_Eight_Nov"/>
  <testcase name="runner" time="12.759" classname="org.run.Accurate_Broken_Eight_Nov"/>
  <testcase name="runner" time="12.958" classname="org.run.Accurate_Broken_Eight_Nov"/>
  <testcase name="runner" time="12.503" classname="org.run.Accurate_Broken_Eight_Nov"/>
  <testcase name="runner" time="127.469" classname="org.run.Accurate_Broken_Eight_Nov"/>
  <testcase name="runner" time="16.735" classname="org.run.Accurate_Broken_Eight_Nov"/>
  <testcase name="runner" time="12.218" classname="org.run.Accurate_Broken_Eight_Nov"/>
  <testcase name="runner" time="9.482" classname="org.run.Accurate_Broken_Eight_Nov"/>
  <testcase name="runner" time="12.981" classname="org.run.Accurate_Broken_Eight_Nov"/>
  <testcase name="runner" time="127.395" classname="org.run.Accurate_Broken_Eight_Nov"/>
  <testcase name="runner" time="13.399" classname="org.run.Accurate_Broken_Eight_Nov"/>
  <testcase name="runner" time="128.231" classname="org.run.Accurate_Broken_Eight_Nov"/>
  <testcase name="runner" time="12.767" classname="org.run.Accurate_Broken_Eight_Nov"/>
  <testcase name="runner" time="12.485" classname="org.run.Accurate_Broken_Eight_Nov"/>
  <testcase name="runner" time="8.619" classname="org.run.Accurate_Broken_Eight_Nov"/>
  <testcase name="runner" time="128.251" classname="org.run.Accurate_Broken_Eight_Nov"/>
  <testcase name="runner" time="14.219" classname="org.run.Accurate_Broken_Eight_Nov"/>
  <testcase name="runner" time="12.909" classname="org.run.Accurate_Broken_Eight_Nov"/>
  <testcase name="runner" time="15.732" classname="org.run.Accurate_Broken_Eight_Nov"/>
  <testcase name="runner" time="12.780" classname="org.run.Accurate_Broken_Eight_Nov"/>
  <testcase name="runner" time="15.016" classname="org.run.Accurate_Broken_Eight_Nov"/>
  <testcase name="runner" time="14.891" classname="org.run.Accurate_Broken_Eight_Nov"/>
  <testcase name="runner" time="16.641" classname="org.run.Accurate_Broken_Eight_Nov"/>
  <testcase name="runner" time="12.778" classname="org.run.Accurate_Broken_Eight_Nov"/>
  <testcase name="runner" time="13.035" classname="org.run.Accurate_Broken_Eight_Nov"/>
  <testcase name="runner" time="13.357" classname="org.run.Accurate_Broken_Eight_Nov"/>
</testsuite> <!-- org.run.Accurate_Broken_Eight_Nov -->
