<?xml version="1.0" encoding="UTF-8"?>
<!-- Generated by org.testng.reporters.JUnitReportReporter -->
<testsuite skipped="0" hostname="DIGITAL-0099" name="org.run.Articles_GetText" tests="36" failures="0" timestamp="29 Oct 2022 08:57:15 GMT" time="452.976" errors="0">
  <testcase name="verifyLink" time="12.718" classname="org.run.Articles_GetText"/>
  <testcase name="verifyLink" time="11.885" classname="org.run.Articles_GetText"/>
  <testcase name="verifyLink" time="14.156" classname="org.run.Articles_GetText"/>
  <testcase name="verifyLink" time="12.265" classname="org.run.Articles_GetText"/>
  <testcase name="verifyLink" time="11.864" classname="org.run.Articles_GetText"/>
  <testcase name="verifyLink" time="12.453" classname="org.run.Articles_GetText"/>
  <testcase name="verifyLink" time="12.095" classname="org.run.Articles_GetText"/>
  <testcase name="verifyLink" time="12.606" classname="org.run.Articles_GetText"/>
  <testcase name="verifyLink" time="11.625" classname="org.run.Articles_GetText"/>
  <testcase name="verifyLink" time="12.312" classname="org.run.Articles_GetText"/>
  <testcase name="verifyLink" time="13.225" classname="org.run.Articles_GetText"/>
  <testcase name="verifyLink" time="11.813" classname="org.run.Articles_GetText"/>
  <testcase name="verifyLink" time="13.183" classname="org.run.Articles_GetText"/>
  <testcase name="verifyLink" time="13.413" classname="org.run.Articles_GetText"/>
  <testcase name="verifyLink" time="12.769" classname="org.run.Articles_GetText"/>
  <testcase name="verifyLink" time="13.246" classname="org.run.Articles_GetText"/>
  <testcase name="verifyLink" time="12.381" classname="org.run.Articles_GetText"/>
  <testcase name="verifyLink" time="12.558" classname="org.run.Articles_GetText"/>
  <testcase name="verifyLink" time="12.252" classname="org.run.Articles_GetText"/>
  <testcase name="verifyLink" time="12.776" classname="org.run.Articles_GetText"/>
  <testcase name="verifyLink" time="12.688" classname="org.run.Articles_GetText"/>
  <testcase name="verifyLink" time="12.812" classname="org.run.Articles_GetText"/>
  <testcase name="verifyLink" time="12.281" classname="org.run.Articles_GetText"/>
  <testcase name="verifyLink" time="12.377" classname="org.run.Articles_GetText"/>
  <testcase name="verifyLink" time="12.855" classname="org.run.Articles_GetText"/>
  <testcase name="verifyLink" time="12.344" classname="org.run.Articles_GetText"/>
  <testcase name="verifyLink" time="12.532" classname="org.run.Articles_GetText"/>
  <testcase name="verifyLink" time="12.494" classname="org.run.Articles_GetText"/>
  <testcase name="verifyLink" time="12.681" classname="org.run.Articles_GetText"/>
  <testcase name="verifyLink" time="13.475" classname="org.run.Articles_GetText"/>
  <testcase name="verifyLink" time="12.567" classname="org.run.Articles_GetText"/>
  <testcase name="verifyLink" time="12.094" classname="org.run.Articles_GetText"/>
  <testcase name="verifyLink" time="12.047" classname="org.run.Articles_GetText"/>
  <testcase name="verifyLink" time="12.327" classname="org.run.Articles_GetText"/>
  <testcase name="verifyLink" time="13.635" classname="org.run.Articles_GetText"/>
  <testcase name="verifyLink" time="12.172" classname="org.run.Articles_GetText"/>
</testsuite> <!-- org.run.Articles_GetText -->
