<?xml version="1.0" encoding="UTF-8"?>
<!-- Generated by org.testng.reporters.JUnitReportReporter -->
<testsuite skipped="0" hostname="DIGITAL-0099" name="org.run.Links_Except_SameDomain" tests="3" failures="0" timestamp="28 Nov 2022 07:06:59 GMT" time="19.767" errors="0">
  <testcase name="execution" time="6.611" classname="org.run.Links_Except_SameDomain"/>
  <testcase name="execution" time="7.406" classname="org.run.Links_Except_SameDomain"/>
  <testcase name="execution" time="5.750" classname="org.run.Links_Except_SameDomain"/>
</testsuite> <!-- org.run.Links_Except_SameDomain -->
