<?xml version="1.0" encoding="UTF-8"?>
<!-- Generated by org.testng.reporters.JUnitReportReporter -->
<testsuite skipped="0" hostname="DIGITAL-0099" name="org.run.HeadLess" tests="1" failures="0" timestamp="06 Jan 2023 07:24:48 GMT" time="11.001" errors="0">
  <testcase name="verifyTitle" time="11.001" classname="org.run.HeadLess"/>
</testsuite> <!-- org.run.HeadLess -->
