<?xml version="1.0" encoding="UTF-8"?>
<!-- Generated by org.testng.reporters.JUnitReportReporter -->
<testsuite skipped="0" hostname="DIGITAL-0099" name="org.sanity.run.Live_Sanity_Run" tests="1" failures="0" timestamp="28 Dec 2022 07:30:14 GMT" time="14.554" errors="0">
  <testcase name="execution" time="14.554" classname="org.sanity.run.Live_Sanity_Run"/>
</testsuite> <!-- org.sanity.run.Live_Sanity_Run -->
