<?xml version="1.0" encoding="UTF-8"?>
<!-- Generated by org.testng.reporters.JUnitReportReporter -->
<testsuite skipped="0" hostname="DIGITAL-0099" name="org.run.GTM_Verification" tests="1" failures="0" timestamp="09 Nov 2022 11:13:23 GMT" time="3.180" errors="0">
  <testcase name="execution" time="3.180" classname="org.run.GTM_Verification"/>
</testsuite> <!-- org.run.GTM_Verification -->
