<?xml version="1.0" encoding="UTF-8"?>
<!-- Generated by org.testng.reporters.JUnitReportReporter -->
<testsuite skipped="0" hostname="DIGITAL-0099" name="org.run.Img_Links_Except_SameDomain" tests="1" failures="0" timestamp="01 Dec 2022 13:14:26 GMT" time="7.687" errors="0">
  <testcase name="execution" time="7.687" classname="org.run.Img_Links_Except_SameDomain"/>
</testsuite> <!-- org.run.Img_Links_Except_SameDomain -->
