<?xml version="1.0" encoding="UTF-8"?>
<!-- Generated by org.testng.reporters.JUnitReportReporter -->
<testsuite skipped="0" hostname="DIGITAL-0099" name="org.run.cacheless_browse" tests="1" failures="0" timestamp="09 Feb 2023 14:01:16 GMT" time="13.083" errors="0">
  <testcase name="browserLaunch" time="13.083" classname="org.run.cacheless_browse"/>
</testsuite> <!-- org.run.cacheless_browse -->
