<?xml version="1.0" encoding="UTF-8"?>
<!-- Generated by org.testng.reporters.JUnitReportReporter -->
<testsuite skipped="0" hostname="DIGITAL-0099" name="org.sanity.run.Common_Run" tests="1" failures="0" timestamp="28 Dec 2022 10:14:39 GMT" time="34.792" errors="0">
  <testcase name="commonExecution" time="34.792" classname="org.sanity.run.Common_Run"/>
</testsuite> <!-- org.sanity.run.Common_Run -->
