<?xml version="1.0" encoding="UTF-8"?>
<!-- Generated by org.testng.reporters.JUnitReportReporter -->
<testsuite skipped="0" hostname="DIGITAL-0099" name="org.run.BrokenLinks_Except_SameDomain" tests="1" failures="0" timestamp="26 Nov 2022 12:33:33 GMT" time="8.467" errors="0">
  <testcase name="execution" time="8.467" classname="org.run.BrokenLinks_Except_SameDomain"/>
</testsuite> <!-- org.run.BrokenLinks_Except_SameDomain -->
