<?xml version="1.0" encoding="UTF-8"?>
<!-- Generated by org.testng.reporters.JUnitReportReporter -->
<testsuite skipped="0" hostname="DIGITAL-0099" name="org.run.BrokenImage" tests="1" failures="0" timestamp="14 Nov 2022 10:13:55 GMT" time="13.645" errors="0">
  <testcase name="runner" time="13.645" classname="org.run.BrokenImage"/>
</testsuite> <!-- org.run.BrokenImage -->
