<?xml version="1.0" encoding="UTF-8"?>
<!-- Generated by org.testng.reporters.JUnitReportReporter -->
<testsuite skipped="0" hostname="DIGITAL-0099" name="org.run.Execution" tests="1" failures="0" timestamp="27 Mar 2023 06:30:45 GMT" time="7.104" errors="0">
  <testcase name="launch" time="7.104" classname="org.run.Execution"/>
</testsuite> <!-- org.run.Execution -->
